Reading cached build data
tmp/slc5_amd64_gcc462/MakeData/DirCache.mk:607: No such file exists: src/TopQuarkAnalysis/SingleTop/bin/fitsPlots1DKarlsruhe.cpp. Please fix src/TopQuarkAnalysis/SingleTop/bin/BuildFile.
tmp/slc5_amd64_gcc462/MakeData/DirCache.mk:618: No such file exists: src/TopQuarkAnalysis/SingleTop/bin/fitsPlotsTestMC.cpp. Please fix src/TopQuarkAnalysis/SingleTop/bin/BuildFile.
tmp/slc5_amd64_gcc462/MakeData/DirCache.mk:629: No such file exists: src/TopQuarkAnalysis/SingleTop/bin/plots1DValidation.cpp. Please fix src/TopQuarkAnalysis/SingleTop/bin/BuildFile.
tmp/slc5_amd64_gcc462/MakeData/DirCache.mk:640: No such file exists: src/TopQuarkAnalysis/SingleTop/bin/fitsPlots1D.cpp. Please fix src/TopQuarkAnalysis/SingleTop/bin/BuildFile.
tmp/slc5_amd64_gcc462/MakeData/DirCache.mk:651: No such file exists: src/TopQuarkAnalysis/SingleTop/bin/fitsPlotsPDFs1D.cpp. Please fix src/TopQuarkAnalysis/SingleTop/bin/BuildFile.
tmp/slc5_amd64_gcc462/MakeData/DirCache.mk:662: No such file exists: src/TopQuarkAnalysis/SingleTop/bin/Plotter.cpp. Please fix src/TopQuarkAnalysis/SingleTop/bin/BuildFile.
tmp/slc5_amd64_gcc462/MakeData/DirCache.mk:673: No such file exists: src/TopQuarkAnalysis/SingleTop/bin/2DLikelihoodTreeMaker.cpp. Please fix src/TopQuarkAnalysis/SingleTop/bin/BuildFile.
tmp/slc5_amd64_gcc462/MakeData/DirCache.mk:684: No such file exists: src/TopQuarkAnalysis/SingleTop/bin/Subtractor.cpp. Please fix src/TopQuarkAnalysis/SingleTop/bin/BuildFile.
tmp/slc5_amd64_gcc462/MakeData/DirCache.mk:695: No such file exists: src/TopQuarkAnalysis/SingleTop/bin/fitsPlots2DSFLikelihoodSummerDataDriven.cpp. Please fix src/TopQuarkAnalysis/SingleTop/bin/BuildFile.
>> Local Products Rules ..... started
>> Local Products Rules ..... done
>> Building CMSSW version CMSSW_5_3_11_patch6 ----
------- copying files from src/PhysicsTools/PatAlgos/scripts -------
>> copied patReplaceFast.pl
>> copied patReplaceGenerator.sh
>> copied patReplaceParser.pl
>> Entering Package RecoBTau/JetTagComputer
>> Creating project symlinks
>> Entering Package DPGAnalysis/SiStripTools
>> Entering Package PhysicsTools/PatAlgos
>> Entering Package DataFormats/METReco
>> Entering Package DataFormats/PatCandidates
>> Entering Package PhysicsTools/PatUtils
>> Entering Package RecoEgamma/EgammaTools
>> Entering Package JetMETCorrections/Type1MET
>> Entering Package CMGTools/External
>> Entering Package RecoMET/METAnalyzers
>> Entering Package RecoParticleFlow/PFProducer
>> Entering Package TopQuarkAnalysis/SingleTop
>> Entering Package EgammaAnalysis/ElectronTools
>> Entering Package RecoBTag/ImpactParameter
>> Entering Package RecoBTag/SecondaryVertex
>> Entering Package RecoBTag/SoftLepton
>> Entering Package RecoBTag/Configuration
>> Entering Package EGamma/EGammaAnalysisTools
  src/CMGTools/External/python -> python/CMGTools/External
>> Compiling capabilities tmp/slc5_amd64_gcc462/src/DPGAnalysis/SiStripTools/src/DPGAnalysisSiStripTools/a/xi.cc 
>> Compiling capabilities tmp/slc5_amd64_gcc462/src/DataFormats/METReco/src/DataFormatsMETReco/a/xi.cc 
>> Compiling capabilities tmp/slc5_amd64_gcc462/src/DataFormats/PatCandidates/src/DataFormatsPatCandidates/a/xi.cc 
>> Compiling capabilities tmp/slc5_amd64_gcc462/src/PhysicsTools/PatUtils/src/PhysicsToolsPatUtils/a/xi.cc 
>> Compiling edm plugin /afs/cern.ch/work/o/oiorio/git_test/CMSSW_5_3_11_patch6/src/TopQuarkAnalysis/SingleTop/src/SingleTopJetsProducer.cc 
>> Compiling edm plugin /afs/cern.ch/work/o/oiorio/git_test/CMSSW_5_3_11_patch6/src/TopQuarkAnalysis/SingleTop/src/SingleTopMETsProducer.cc 
>> Compiling edm plugin /afs/cern.ch/work/o/oiorio/git_test/CMSSW_5_3_11_patch6/src/TopQuarkAnalysis/SingleTop/src/SingleTopMuonProducer.cc 
>> Compiling edm plugin /afs/cern.ch/work/o/oiorio/git_test/CMSSW_5_3_11_patch6/src/TopQuarkAnalysis/SingleTop/src/SingleTopNGenParticlesProducer.cc 
>> Compiling edm plugin /afs/cern.ch/work/o/oiorio/git_test/CMSSW_5_3_11_patch6/src/TopQuarkAnalysis/SingleTop/src/SingleTopPileUpDumper.cc 
>> Compiling edm plugin /afs/cern.ch/work/o/oiorio/git_test/CMSSW_5_3_11_patch6/src/TopQuarkAnalysis/SingleTop/src/SingleTopRecoFilter.cc 
>> Compiling edm plugin /afs/cern.ch/work/o/oiorio/git_test/CMSSW_5_3_11_patch6/src/TopQuarkAnalysis/SingleTop/src/SingleTopPileUpProducer.cc 
>> Compiling edm plugin /afs/cern.ch/work/o/oiorio/git_test/CMSSW_5_3_11_patch6/src/TopQuarkAnalysis/SingleTop/src/SingleTopSystematicsTreesDumper.cc 
>> Compiling edm plugin /afs/cern.ch/work/o/oiorio/git_test/CMSSW_5_3_11_patch6/src/TopQuarkAnalysis/SingleTop/src/SingleTopSystematicsDumper.cc 
>> Compiling edm plugin /afs/cern.ch/work/o/oiorio/git_test/CMSSW_5_3_11_patch6/src/TopQuarkAnalysis/SingleTop/src/SingleTopTriggers.cc 
/afs/cern.ch/work/o/oiorio/git_test/CMSSW_5_3_11_patch6/src/TopQuarkAnalysis/SingleTop/src/SingleTopSystematicsDumper.cc:30:74: warning: extra tokens at end of #include directive [enabled by default]
/afs/cern.ch/work/o/oiorio/git_test/CMSSW_5_3_11_patch6/src/TopQuarkAnalysis/SingleTop/src/SingleTopRecoFilter.cc: In member function 'virtual bool SingleTopRecoFilter::filter(edm::Event&, const edm::EventSetup&)':
/afs/cern.ch/work/o/oiorio/git_test/CMSSW_5_3_11_patch6/src/TopQuarkAnalysis/SingleTop/src/SingleTopRecoFilter.cc:142:9: warning: unused variable 'nElectrons' [-Wunused-variable]
/afs/cern.ch/work/o/oiorio/git_test/CMSSW_5_3_11_patch6/src/TopQuarkAnalysis/SingleTop/src/SingleTopPileUpProducer.cc: In member function 'virtual void SingleTopPileUpProducer::produce(edm::Event&, const edm::EventSetup&)':
/afs/cern.ch/work/o/oiorio/git_test/CMSSW_5_3_11_patch6/src/TopQuarkAnalysis/SingleTop/src/SingleTopPileUpProducer.cc:62:41: warning: 'nT' may be used uninitialized in this function [-Wuninitialized]
/afs/cern.ch/work/o/oiorio/git_test/CMSSW_5_3_11_patch6/src/TopQuarkAnalysis/SingleTop/src/SingleTopSystematicsDumper.cc: In member function 'virtual void SingleTopSystematicsDumper::analyze(const edm::Event&, const edm::EventSetup&)':
/afs/cern.ch/work/o/oiorio/git_test/CMSSW_5_3_11_patch6/src/TopQuarkAnalysis/SingleTop/src/SingleTopSystematicsDumper.cc:370:13: warning: unused variable 'leptonE' [-Wunused-variable]
/afs/cern.ch/work/o/oiorio/git_test/CMSSW_5_3_11_patch6/src/TopQuarkAnalysis/SingleTop/src/SingleTopSystematicsDumper.cc:190:10: warning: variable 'BTagWeightWSample' set but not used [-Wunused-but-set-variable]
/afs/cern.ch/work/o/oiorio/git_test/CMSSW_5_3_11_patch6/src/TopQuarkAnalysis/SingleTop/src/SingleTopSystematicsDumper.cc:191:10: warning: variable 'BTagWeightTTSample' set but not used [-Wunused-but-set-variable]
/afs/cern.ch/work/o/oiorio/git_test/CMSSW_5_3_11_patch6/src/TopQuarkAnalysis/SingleTop/src/SingleTopSystematicsDumper.cc: In member function 'std::vector<ROOT::Math::LorentzVector<ROOT::Math::PxPyPzE4D<double> > > SingleTopSystematicsDumper::NuMomentum(float, float, float, float, float, float, float)':
/afs/cern.ch/work/o/oiorio/git_test/CMSSW_5_3_11_patch6/src/TopQuarkAnalysis/SingleTop/src/SingleTopSystematicsDumper.cc:516:7: warning: variable 'nNuSol' set but not used [-Wunused-but-set-variable]
>> Compiling edm plugin /afs/cern.ch/work/o/oiorio/git_test/CMSSW_5_3_11_patch6/src/TopQuarkAnalysis/SingleTop/src/SingleTopUnclusteredMETProducer.cc 
In file included from /afs/cern.ch/work/o/oiorio/git_test/CMSSW_5_3_11_patch6/src/TopQuarkAnalysis/SingleTop/src/SingleTopSystematicsTreesDumper.cc:17:0:
/afs/cern.ch/work/o/oiorio/git_test/CMSSW_5_3_11_patch6/src/TopQuarkAnalysis/SingleTop/interface/SingleTopSystematicsTreesDumper.h: In constructor 'SingleTopSystematicsTreesDumper::BTagWeight::BTagWeight()':
/afs/cern.ch/work/o/oiorio/git_test/CMSSW_5_3_11_patch6/src/TopQuarkAnalysis/SingleTop/interface/SingleTopSystematicsTreesDumper.h:799:13: warning: 'SingleTopSystematicsTreesDumper::BTagWeight::minTags' will be initialized after [-Wreorder]
/afs/cern.ch/work/o/oiorio/git_test/CMSSW_5_3_11_patch6/src/TopQuarkAnalysis/SingleTop/interface/SingleTopSystematicsTreesDumper.h:798:13: warning:   'int SingleTopSystematicsTreesDumper::BTagWeight::maxTags' [-Wreorder]
/afs/cern.ch/work/o/oiorio/git_test/CMSSW_5_3_11_patch6/src/TopQuarkAnalysis/SingleTop/interface/SingleTopSystematicsTreesDumper.h:786:9: warning:   when initialized here [-Wreorder]
/afs/cern.ch/work/o/oiorio/git_test/CMSSW_5_3_11_patch6/src/TopQuarkAnalysis/SingleTop/src/SingleTopTriggers.cc: In member function 'virtual bool SingleTopTriggers::filter(edm::Event&, const edm::EventSetup&)':
/afs/cern.ch/work/o/oiorio/git_test/CMSSW_5_3_11_patch6/src/TopQuarkAnalysis/SingleTop/src/SingleTopTriggers.cc:92:12: warning: unused variable 'passesTrigger' [-Wunused-variable]
/afs/cern.ch/work/o/oiorio/git_test/CMSSW_5_3_11_patch6/src/TopQuarkAnalysis/SingleTop/src/SingleTopTriggers.cc:47:7: warning: unused variable 'ievt' [-Wunused-variable]
/afs/cern.ch/work/o/oiorio/git_test/CMSSW_5_3_11_patch6/src/TopQuarkAnalysis/SingleTop/src/SingleTopTriggers.cc:49:7: warning: unused variable 'ils' [-Wunused-variable]
/afs/cern.ch/work/o/oiorio/git_test/CMSSW_5_3_11_patch6/src/TopQuarkAnalysis/SingleTop/src/SingleTopTriggers.cc:50:7: warning: unused variable 'bx' [-Wunused-variable]
/afs/cern.ch/work/o/oiorio/git_test/CMSSW_5_3_11_patch6/src/TopQuarkAnalysis/SingleTop/src/SingleTopTriggers.cc:55:7: warning: variable 'trigger_type' set but not used [-Wunused-but-set-variable]
/afs/cern.ch/work/o/oiorio/git_test/CMSSW_5_3_11_patch6/src/TopQuarkAnalysis/SingleTop/src/SingleTopTriggers.cc:70:8: warning: unused variable 'eleNonIso' [-Wunused-variable]
/afs/cern.ch/work/o/oiorio/git_test/CMSSW_5_3_11_patch6/src/TopQuarkAnalysis/SingleTop/src/SingleTopTriggers.cc:71:8: warning: unused variable 'muonNonIso' [-Wunused-variable]
/afs/cern.ch/work/o/oiorio/git_test/CMSSW_5_3_11_patch6/src/TopQuarkAnalysis/SingleTop/src/SingleTopSystematicsTreesDumper.cc: In constructor 'SingleTopSystematicsTreesDumper::SingleTopSystematicsTreesDumper(const edm::ParameterSet&)':
/afs/cern.ch/work/o/oiorio/git_test/CMSSW_5_3_11_patch6/src/TopQuarkAnalysis/SingleTop/src/SingleTopSystematicsTreesDumper.cc:1059:11: warning: unused variable 'doGaussianResol' [-Wunused-variable]
/afs/cern.ch/work/o/oiorio/git_test/CMSSW_5_3_11_patch6/src/TopQuarkAnalysis/SingleTop/src/SingleTopSystematicsTreesDumper.cc: In member function 'virtual void SingleTopSystematicsTreesDumper::analyze(const edm::Event&, const edm::EventSetup&)':
/afs/cern.ch/work/o/oiorio/git_test/CMSSW_5_3_11_patch6/src/TopQuarkAnalysis/SingleTop/src/SingleTopSystematicsTreesDumper.cc:1952:14: warning: variable 'QCDCondition' set but not used [-Wunused-but-set-variable]
/afs/cern.ch/work/o/oiorio/git_test/CMSSW_5_3_11_patch6/src/TopQuarkAnalysis/SingleTop/src/SingleTopSystematicsTreesDumper.cc:1956:31: warning: unused variable 'beamspot' [-Wunused-variable]
/afs/cern.ch/work/o/oiorio/git_test/CMSSW_5_3_11_patch6/src/TopQuarkAnalysis/SingleTop/src/SingleTopSystematicsTreesDumper.cc:1957:30: warning: unused variable 'isid' [-Wunused-variable]
/afs/cern.ch/work/o/oiorio/git_test/CMSSW_5_3_11_patch6/src/TopQuarkAnalysis/SingleTop/src/SingleTopSystematicsTreesDumper.cc:1885:18: warning: unused variable 'passesOneLepton' [-Wunused-variable]
/afs/cern.ch/work/o/oiorio/git_test/CMSSW_5_3_11_patch6/src/TopQuarkAnalysis/SingleTop/src/SingleTopSystematicsTreesDumper.cc:2359:32: warning: variable 'csvtSF' set but not used [-Wunused-but-set-variable]
/afs/cern.ch/work/o/oiorio/git_test/CMSSW_5_3_11_patch6/src/TopQuarkAnalysis/SingleTop/src/SingleTopSystematicsTreesDumper.cc:2363:32: warning: variable 'csvmSF' set but not used [-Wunused-but-set-variable]
/afs/cern.ch/work/o/oiorio/git_test/CMSSW_5_3_11_patch6/src/TopQuarkAnalysis/SingleTop/src/SingleTopSystematicsTreesDumper.cc:2114:23: warning: unused variable 'rndm' [-Wunused-variable]
/afs/cern.ch/work/o/oiorio/git_test/CMSSW_5_3_11_patch6/src/TopQuarkAnalysis/SingleTop/src/SingleTopSystematicsTreesDumper.cc:2191:21: warning: unused variable 'pos' [-Wunused-variable]
/afs/cern.ch/work/o/oiorio/git_test/CMSSW_5_3_11_patch6/src/TopQuarkAnalysis/SingleTop/src/SingleTopSystematicsTreesDumper.cc:2584:12: warning: unused variable 'rndm' [-Wunused-variable]
/afs/cern.ch/work/o/oiorio/git_test/CMSSW_5_3_11_patch6/src/TopQuarkAnalysis/SingleTop/src/SingleTopSystematicsTreesDumper.cc:2997:28: warning: unused variable 'pt' [-Wunused-variable]
/afs/cern.ch/work/o/oiorio/git_test/CMSSW_5_3_11_patch6/src/TopQuarkAnalysis/SingleTop/src/SingleTopJetsProducer.cc: In member function 'virtual void SingleTopJetsProducer::produce(edm::Event&, const edm::EventSetup&)':
/afs/cern.ch/work/o/oiorio/git_test/CMSSW_5_3_11_patch6/src/TopQuarkAnalysis/SingleTop/src/SingleTopJetsProducer.cc:159:9: warning: unused variable 'idflagchs' [-Wunused-variable]
/afs/cern.ch/work/o/oiorio/git_test/CMSSW_5_3_11_patch6/src/TopQuarkAnalysis/SingleTop/src/SingleTopSystematicsTreesDumper.cc:3384:34: warning: variable 'mctop' set but not used [-Wunused-but-set-variable]
/afs/cern.ch/work/o/oiorio/git_test/CMSSW_5_3_11_patch6/src/TopQuarkAnalysis/SingleTop/src/SingleTopSystematicsTreesDumper.cc:2013:14: warning: unused variable 'hasTurnOnWeight' [-Wunused-variable]
/afs/cern.ch/work/o/oiorio/git_test/CMSSW_5_3_11_patch6/src/TopQuarkAnalysis/SingleTop/src/SingleTopSystematicsTreesDumper.cc:1324:12: warning: variable 'turnOnWeightValueNoSyst' set but not used [-Wunused-but-set-variable]
/afs/cern.ch/work/o/oiorio/git_test/CMSSW_5_3_11_patch6/src/TopQuarkAnalysis/SingleTop/src/SingleTopSystematicsTreesDumper.cc:1354:12: warning: unused variable 'MTWValueQCD' [-Wunused-variable]
/afs/cern.ch/work/o/oiorio/git_test/CMSSW_5_3_11_patch6/src/TopQuarkAnalysis/SingleTop/src/SingleTopSystematicsTreesDumper.cc:1355:12: warning: unused variable 'RelIsoQCDCut' [-Wunused-variable]
/afs/cern.ch/work/o/oiorio/git_test/CMSSW_5_3_11_patch6/src/TopQuarkAnalysis/SingleTop/src/SingleTopSystematicsTreesDumper.cc:1359:12: warning: unused variable 'myWeight' [-Wunused-variable]
/afs/cern.ch/work/o/oiorio/git_test/CMSSW_5_3_11_patch6/src/TopQuarkAnalysis/SingleTop/src/SingleTopSystematicsTreesDumper.cc:1366:10: warning: unused variable 'didJetLoop' [-Wunused-variable]
/afs/cern.ch/work/o/oiorio/git_test/CMSSW_5_3_11_patch6/src/TopQuarkAnalysis/SingleTop/src/SingleTopSystematicsTreesDumper.cc: In member function 'math::XYZTLorentzVector SingleTopSystematicsTreesDumper::NuMomentum(float, float, float, float, float, float, float)':
/afs/cern.ch/work/o/oiorio/git_test/CMSSW_5_3_11_patch6/src/TopQuarkAnalysis/SingleTop/src/SingleTopSystematicsTreesDumper.cc:3527:9: warning: variable 'nNuSol' set but not used [-Wunused-but-set-variable]
>> Compiling edm plugin /afs/cern.ch/work/o/oiorio/git_test/CMSSW_5_3_11_patch6/src/TopQuarkAnalysis/SingleTop/src/SingleTopVertexFilter.cc 
>> Compiling edm plugin /afs/cern.ch/work/o/oiorio/git_test/CMSSW_5_3_11_patch6/src/TopQuarkAnalysis/SingleTop/src/SingleTopVertexInfoDumper.cc 
>> Compiling  /afs/cern.ch/work/o/oiorio/git_test/CMSSW_5_3_11_patch6/src/EgammaAnalysis/ElectronTools/src/EGammaCutBasedEleId.cc 
>> Compiling  /afs/cern.ch/work/o/oiorio/git_test/CMSSW_5_3_11_patch6/src/EgammaAnalysis/ElectronTools/src/EGammaMvaEleEstimator.cc 
>> Compiling  /afs/cern.ch/work/o/oiorio/git_test/CMSSW_5_3_11_patch6/src/EgammaAnalysis/ElectronTools/src/EGammaCutBasedEleIdAnalyzer.cc 
>> Compiling  /afs/cern.ch/work/o/oiorio/git_test/CMSSW_5_3_11_patch6/src/EgammaAnalysis/ElectronTools/src/EcalIsolationCorrector.cc 
>> Compiling  /afs/cern.ch/work/o/oiorio/git_test/CMSSW_5_3_11_patch6/src/EgammaAnalysis/ElectronTools/src/ElectronEPcombinator.cc 
>> Compiling  /afs/cern.ch/work/o/oiorio/git_test/CMSSW_5_3_11_patch6/src/EgammaAnalysis/ElectronTools/src/ElectronEnergyCalibrator.cc 
>> Compiling  /afs/cern.ch/work/o/oiorio/git_test/CMSSW_5_3_11_patch6/src/EgammaAnalysis/ElectronTools/src/ElectronEnergyRegressionEvaluate.cc 
>> Compiling  /afs/cern.ch/work/o/oiorio/git_test/CMSSW_5_3_11_patch6/src/EgammaAnalysis/ElectronTools/src/EpCombinationTool.cc 
>> Compiling  /afs/cern.ch/work/o/oiorio/git_test/CMSSW_5_3_11_patch6/src/EgammaAnalysis/ElectronTools/src/PFIsolationEstimator.cc 
>> Compiling  /afs/cern.ch/work/o/oiorio/git_test/CMSSW_5_3_11_patch6/src/EgammaAnalysis/ElectronTools/src/SuperClusterHelper.cc 
>> Compiling edm plugin /afs/cern.ch/work/o/oiorio/git_test/CMSSW_5_3_11_patch6/src/RecoBTag/ImpactParameter/plugins/modules.cc 
>> Compiling edm plugin /afs/cern.ch/work/o/oiorio/git_test/CMSSW_5_3_11_patch6/src/RecoBTag/ImpactParameter/plugins/TrackIPProducer.cc 
>> Compiling edm plugin /afs/cern.ch/work/o/oiorio/git_test/CMSSW_5_3_11_patch6/src/RecoBTag/ImpactParameter/test/IPAnalyzer.cc 
>> Compiling edm plugin /afs/cern.ch/work/o/oiorio/git_test/CMSSW_5_3_11_patch6/src/RecoBTag/SecondaryVertex/plugins/JetTagESProducers.cc 
>> Compiling  /afs/cern.ch/work/o/oiorio/git_test/CMSSW_5_3_11_patch6/src/RecoBTag/SecondaryVertex/src/CombinedSVComputer.cc 
>> Compiling  /afs/cern.ch/work/o/oiorio/git_test/CMSSW_5_3_11_patch6/src/RecoBTag/SecondaryVertex/src/GhostTrackComputer.cc 
>> Compiling  /afs/cern.ch/work/o/oiorio/git_test/CMSSW_5_3_11_patch6/src/RecoBTag/SecondaryVertex/src/ParticleMasses.cc 
>> Compiling  /afs/cern.ch/work/o/oiorio/git_test/CMSSW_5_3_11_patch6/src/RecoBTag/SecondaryVertex/src/SecondaryVertex.cc 
>> Compiling  /afs/cern.ch/work/o/oiorio/git_test/CMSSW_5_3_11_patch6/src/RecoBTag/SecondaryVertex/src/TrackKinematics.cc 
>> Compiling  /afs/cern.ch/work/o/oiorio/git_test/CMSSW_5_3_11_patch6/src/RecoBTag/SecondaryVertex/src/TrackSelector.cc 
>> Compiling  /afs/cern.ch/work/o/oiorio/git_test/CMSSW_5_3_11_patch6/src/RecoBTag/SecondaryVertex/src/TrackSorting.cc 
/afs/cern.ch/work/o/oiorio/git_test/CMSSW_5_3_11_patch6/src/TopQuarkAnalysis/SingleTop/src/SingleTopSystematicsTreesDumper.cc: In constructor 'SingleTopSystematicsTreesDumper::SingleTopSystematicsTreesDumper(const edm::ParameterSet&)':
/afs/cern.ch/work/o/oiorio/git_test/CMSSW_5_3_11_patch6/src/TopQuarkAnalysis/SingleTop/src/SingleTopSystematicsTreesDumper.cc:49:1: note: variable tracking size limit exceeded with -fvar-tracking-assignments, retrying without
>> Compiling  /afs/cern.ch/work/o/oiorio/git_test/CMSSW_5_3_11_patch6/src/RecoBTag/SecondaryVertex/src/V0Filter.cc 
>> Compiling  /afs/cern.ch/work/o/oiorio/git_test/CMSSW_5_3_11_patch6/src/RecoBTag/SecondaryVertex/src/VertexFilter.cc 
>> Compiling  /afs/cern.ch/work/o/oiorio/git_test/CMSSW_5_3_11_patch6/src/RecoBTag/SecondaryVertex/src/VertexSorting.cc 
>> Compiling edm plugin /afs/cern.ch/work/o/oiorio/git_test/CMSSW_5_3_11_patch6/src/RecoBTag/SecondaryVertex/plugins/SecondaryVertexProducer.cc 
>> Compiling edm plugin /afs/cern.ch/work/o/oiorio/git_test/CMSSW_5_3_11_patch6/src/RecoBTag/SecondaryVertex/plugins/BVertexFilter.cc 
>> Compiling edm plugin /afs/cern.ch/work/o/oiorio/git_test/CMSSW_5_3_11_patch6/src/RecoBTag/SecondaryVertex/plugins/BtoCharmDecayVertexMerger.cc 
>> Compiling edm plugin /afs/cern.ch/work/o/oiorio/git_test/CMSSW_5_3_11_patch6/src/RecoBTag/SoftLepton/plugins/BtagGsfElectronSelector.cc 
>> Compiling edm plugin /afs/cern.ch/work/o/oiorio/git_test/CMSSW_5_3_11_patch6/src/RecoBTag/SoftLepton/plugins/SoftLepton.cc 
>> Compiling edm plugin /afs/cern.ch/work/o/oiorio/git_test/CMSSW_5_3_11_patch6/src/RecoBTag/SoftLepton/plugins/SoftPFElectronTagInfoProducer.cc 
>> Compiling edm plugin /afs/cern.ch/work/o/oiorio/git_test/CMSSW_5_3_11_patch6/src/RecoBTag/SoftLepton/plugins/SoftPFMuonTagInfoProducer.cc 
>> Compiling edm plugin /afs/cern.ch/work/o/oiorio/git_test/CMSSW_5_3_11_patch6/src/RecoBTag/SoftLepton/plugins/module.cc 
>> Compiling  /afs/cern.ch/work/o/oiorio/git_test/CMSSW_5_3_11_patch6/src/RecoBTag/SoftLepton/src/ElectronTagger.cc 
>> Compiling  /afs/cern.ch/work/o/oiorio/git_test/CMSSW_5_3_11_patch6/src/RecoBTag/SoftLepton/src/ElectronTaggerMLP.cc 
>> Compiling  /afs/cern.ch/work/o/oiorio/git_test/CMSSW_5_3_11_patch6/src/RecoBTag/SoftLepton/src/LeptonSelector.cc 
>> Compiling  /afs/cern.ch/work/o/oiorio/git_test/CMSSW_5_3_11_patch6/src/RecoBTag/SoftLepton/src/LeptonTaggerByIP.cc 
>> Compiling  /afs/cern.ch/work/o/oiorio/git_test/CMSSW_5_3_11_patch6/src/RecoBTag/SoftLepton/src/LeptonTaggerByPt.cc 
>> Compiling  /afs/cern.ch/work/o/oiorio/git_test/CMSSW_5_3_11_patch6/src/RecoBTag/SoftLepton/src/LeptonTaggerDistance.cc 
>> Compiling  /afs/cern.ch/work/o/oiorio/git_test/CMSSW_5_3_11_patch6/src/RecoBTag/SoftLepton/src/MuonTagger.cc 
>> Compiling  /afs/cern.ch/work/o/oiorio/git_test/CMSSW_5_3_11_patch6/src/RecoBTag/SoftLepton/src/MuonTaggerMLP.cc 
>> Compiling  /afs/cern.ch/work/o/oiorio/git_test/CMSSW_5_3_11_patch6/src/RecoBTag/SoftLepton/src/MuonTaggerNoIP.cc 
>> Compiling  /afs/cern.ch/work/o/oiorio/git_test/CMSSW_5_3_11_patch6/src/RecoBTag/SoftLepton/src/MuonTaggerNoIPMLP.cc 
>> Compiling edm plugin /afs/cern.ch/work/o/oiorio/git_test/CMSSW_5_3_11_patch6/src/RecoBTag/SoftLepton/test/testLeptonAssociator.cc 
>> Compiling edm plugin /afs/cern.ch/work/o/oiorio/git_test/CMSSW_5_3_11_patch6/src/RecoBTag/SoftLepton/test/testMuonAssociator.cc 
>> Leaving Package RecoBTag/Configuration
>> Package RecoBTag/Configuration built
>> Compiling edm plugin /afs/cern.ch/work/o/oiorio/git_test/CMSSW_5_3_11_patch6/src/EGamma/EGammaAnalysisTools/plugins/DoubleElectronHLTMatching.cc 
>> Compiling edm plugin /afs/cern.ch/work/o/oiorio/git_test/CMSSW_5_3_11_patch6/src/EGamma/EGammaAnalysisTools/plugins/DoublePATElectronHLTMatching.cc 
>> Compiling edm plugin /afs/cern.ch/work/o/oiorio/git_test/CMSSW_5_3_11_patch6/src/EGamma/EGammaAnalysisTools/plugins/DoublePhotonHLTMatching.cc 
>> Compiling edm plugin /afs/cern.ch/work/o/oiorio/git_test/CMSSW_5_3_11_patch6/src/EGamma/EGammaAnalysisTools/plugins/ElectronHLTMatching.cc 
>> Compiling edm plugin /afs/cern.ch/work/o/oiorio/git_test/CMSSW_5_3_11_patch6/src/EGamma/EGammaAnalysisTools/plugins/ElectronIsoProducer.cc 
>> Compiling edm plugin /afs/cern.ch/work/o/oiorio/git_test/CMSSW_5_3_11_patch6/src/EGamma/EGammaAnalysisTools/plugins/ElectronIsolatorFromEffectiveArea.cc 
>> Compiling edm plugin /afs/cern.ch/work/o/oiorio/git_test/CMSSW_5_3_11_patch6/src/EGamma/EGammaAnalysisTools/plugins/PhotonHLTMatching.cc 
>> Compiling edm plugin /afs/cern.ch/work/o/oiorio/git_test/CMSSW_5_3_11_patch6/src/EgammaAnalysis/ElectronTools/plugins/CalibratedElectronProducer.cc 
>> Compiling edm plugin /afs/cern.ch/work/o/oiorio/git_test/CMSSW_5_3_11_patch6/src/EgammaAnalysis/ElectronTools/plugins/CalibratedPatElectronProducer.cc 
>> Compiling edm plugin /afs/cern.ch/work/o/oiorio/git_test/CMSSW_5_3_11_patch6/src/EgammaAnalysis/ElectronTools/plugins/ElectronIdMVAProducer.cc 
>> Compiling edm plugin /afs/cern.ch/work/o/oiorio/git_test/CMSSW_5_3_11_patch6/src/EgammaAnalysis/ElectronTools/plugins/ElectronPATIdMVAProducer.cc 
>> Compiling edm plugin /afs/cern.ch/work/o/oiorio/git_test/CMSSW_5_3_11_patch6/src/EgammaAnalysis/ElectronTools/plugins/ElectronRegressionEnergyProducer.cc 
>> Compiling edm plugin /afs/cern.ch/work/o/oiorio/git_test/CMSSW_5_3_11_patch6/src/EgammaAnalysis/ElectronTools/plugins/PhotonIsoProducer.cc 
>> Compiling edm plugin /afs/cern.ch/work/o/oiorio/git_test/CMSSW_5_3_11_patch6/src/EgammaAnalysis/ElectronTools/plugins/RegressionEnergyPatElectronProducer.cc 
>> Compiling edm plugin /afs/cern.ch/work/o/oiorio/git_test/CMSSW_5_3_11_patch6/src/EgammaAnalysis/ElectronTools/test/CorrectECALIsolation.cc 
>> Compiling edm plugin /afs/cern.ch/work/o/oiorio/git_test/CMSSW_5_3_11_patch6/src/EgammaAnalysis/ElectronTools/test/ElectronAnalyzer.cc 
>> Compiling edm plugin /afs/cern.ch/work/o/oiorio/git_test/CMSSW_5_3_11_patch6/src/EgammaAnalysis/ElectronTools/test/ElectronIsoAnalyzer.cc 
>> Building shared library tmp/slc5_amd64_gcc462/src/RecoBTau/JetTagComputer/src/RecoBTauJetTagComputer/libRecoBTauJetTagComputer.so
/afs/cern.ch/work/o/oiorio/git_test/CMSSW_5_3_11_patch6/src/EgammaAnalysis/ElectronTools/test/ElectronIsoAnalyzer.cc:209:32: warning: suffix for double constant is a GCC extension [enabled by default]
Copying tmp/slc5_amd64_gcc462/src/RecoBTau/JetTagComputer/src/RecoBTauJetTagComputer/libRecoBTauJetTagComputer.so to productstore area:
>> Building shared library tmp/slc5_amd64_gcc462/src/DPGAnalysis/SiStripTools/bin/DPGAnalysisSiStripToolsMacros/libDPGAnalysisSiStripToolsMacros.so
Copying tmp/slc5_amd64_gcc462/src/DPGAnalysis/SiStripTools/bin/DPGAnalysisSiStripToolsMacros/libDPGAnalysisSiStripToolsMacros.so to productstore area:
>> Building shared library tmp/slc5_amd64_gcc462/src/RecoEgamma/EgammaTools/src/RecoEgammaEgammaTools/libRecoEgammaEgammaTools.so
Copying tmp/slc5_amd64_gcc462/src/RecoEgamma/EgammaTools/src/RecoEgammaEgammaTools/libRecoEgammaEgammaTools.so to productstore area:
>> Building binary runtestPhysicsToolsPatAlgos
Copying tmp/slc5_amd64_gcc462/src/PhysicsTools/PatAlgos/test/runtestPhysicsToolsPatAlgos/runtestPhysicsToolsPatAlgos to productstore area:
>> Building LCG reflex dict from header file src/CMGTools/External/src/classes.h
>> Compiling  /afs/cern.ch/work/o/oiorio/git_test/CMSSW_5_3_11_patch6/src/CMGTools/External/src/PileupJetIdAlgo.cc 
>> Compiling  /afs/cern.ch/work/o/oiorio/git_test/CMSSW_5_3_11_patch6/src/CMGTools/External/src/PileupJetIdentifier.cc 
>> Building shared library tmp/slc5_amd64_gcc462/src/RecoParticleFlow/PFProducer/src/RecoParticleFlowPFProducer/libRecoParticleFlowPFProducer.so
>> Building edm plugin tmp/slc5_amd64_gcc462/src/RecoParticleFlow/PFProducer/test/RecoParticleFlowPFSuperClusterReader/libRecoParticleFlowPFSuperClusterReader.so
>> Building edm plugin tmp/slc5_amd64_gcc462/src/RecoParticleFlow/PFProducer/test/RecoParticleFlowPFIsoReader/libRecoParticleFlowPFIsoReader.so
Copying tmp/slc5_amd64_gcc462/src/RecoParticleFlow/PFProducer/src/RecoParticleFlowPFProducer/libRecoParticleFlowPFProducer.so to productstore area:
>> Building edm plugin tmp/slc5_amd64_gcc462/src/RecoBTau/JetTagComputer/plugins/RecoBTauJetTagComputerPlugins/libRecoBTauJetTagComputerPlugins.so
>> Building shared library tmp/slc5_amd64_gcc462/src/DPGAnalysis/SiStripTools/src/DPGAnalysisSiStripTools/libDPGAnalysisSiStripTools.so
>> Building shared library tmp/slc5_amd64_gcc462/src/DataFormats/METReco/src/DataFormatsMETReco/libDataFormatsMETReco.so
>> Compiling edm plugin /afs/cern.ch/work/o/oiorio/git_test/CMSSW_5_3_11_patch6/src/CMGTools/External/plugins/PileupJetIdProducer.cc 
Copying tmp/slc5_amd64_gcc462/src/DPGAnalysis/SiStripTools/src/DPGAnalysisSiStripTools/libDPGAnalysisSiStripTools.so to productstore area:
Copying tmp/slc5_amd64_gcc462/src/DataFormats/METReco/src/DataFormatsMETReco/libDataFormatsMETReco.so to productstore area:
@@@@ Running edmWriteConfigs for RecoParticleFlowPFSuperClusterReader
@@@@ Running edmWriteConfigs for RecoParticleFlowPFIsoReader
--- Registered EDM Plugin: RecoParticleFlowPFSuperClusterReader
>> Building edm plugin tmp/slc5_amd64_gcc462/src/RecoEgamma/EgammaTools/plugins/RecoEgammaEgammaToolsPlugins/libRecoEgammaEgammaToolsPlugins.so
>> Building edm plugin tmp/slc5_amd64_gcc462/src/RecoBTag/ImpactParameter/plugins/RecoBTagImpactParameterPlugins/libRecoBTagImpactParameterPlugins.so
>> Building edm plugin tmp/slc5_amd64_gcc462/src/RecoBTag/ImpactParameter/test/IPAnalyzer/libIPAnalyzer.so
--- Registered EDM Plugin: RecoParticleFlowPFIsoReader
>> Building shared library tmp/slc5_amd64_gcc462/src/RecoBTag/SecondaryVertex/src/RecoBTagSecondaryVertex/libRecoBTagSecondaryVertex.so
>> Building shared library tmp/slc5_amd64_gcc462/src/RecoBTag/SoftLepton/src/RecoBTagSoftLepton/libRecoBTagSoftLepton.so
Copying tmp/slc5_amd64_gcc462/src/RecoBTag/SecondaryVertex/src/RecoBTagSecondaryVertex/libRecoBTagSecondaryVertex.so to productstore area:
@@@@ Running edmWriteConfigs for RecoBTauJetTagComputerPlugins
Copying tmp/slc5_amd64_gcc462/src/RecoBTag/SoftLepton/src/RecoBTagSoftLepton/libRecoBTagSoftLepton.so to productstore area:
>> Building edm plugin tmp/slc5_amd64_gcc462/src/DPGAnalysis/SiStripTools/plugins/DPGAnalysisSiStripToolsPlugins/libDPGAnalysisSiStripToolsPlugins.so
>> Building capability library tmp/slc5_amd64_gcc462/src/DPGAnalysis/SiStripTools/src/DPGAnalysisSiStripTools/libDPGAnalysisSiStripToolsCapabilities.so
>> Building shared library tmp/slc5_amd64_gcc462/src/DataFormats/PatCandidates/src/DataFormatsPatCandidates/libDataFormatsPatCandidates.so
>> Building shared library tmp/slc5_amd64_gcc462/src/JetMETCorrections/Type1MET/src/JetMETCorrectionsType1MET/libJetMETCorrectionsType1MET.so
>> Building capability library tmp/slc5_amd64_gcc462/src/DataFormats/METReco/src/DataFormatsMETReco/libDataFormatsMETRecoCapabilities.so
--- Registered EDM Plugin: RecoBTauJetTagComputerPlugins
>> Building edm plugin tmp/slc5_amd64_gcc462/src/RecoMET/METAnalyzers/src/RecoMETMETAnalyzers/libRecoMETMETAnalyzers.so
>> Checking EDM Class Version for src/DPGAnalysis/SiStripTools/src/classes_def.xml in libDPGAnalysisSiStripToolsCapabilities.so
>> Building edm plugin tmp/slc5_amd64_gcc462/src/RecoParticleFlow/PFProducer/plugins/RecoParticleFlowPFProducerPlugins/libRecoParticleFlowPFProducerPlugins.so
Copying tmp/slc5_amd64_gcc462/src/JetMETCorrections/Type1MET/src/JetMETCorrectionsType1MET/libJetMETCorrectionsType1MET.so to productstore area:
>> Checking EDM Class Version for src/DataFormats/METReco/src/classes_def.xml in libDataFormatsMETRecoCapabilities.so
@@@@ Running edmWriteConfigs for RecoEgammaEgammaToolsPlugins
@@@@ Running edmWriteConfigs for RecoBTagImpactParameterPlugins
Copying tmp/slc5_amd64_gcc462/src/DataFormats/PatCandidates/src/DataFormatsPatCandidates/libDataFormatsPatCandidates.so to productstore area:
--- Registered EDM Plugin: RecoEgammaEgammaToolsPlugins
>> Building edm plugin tmp/slc5_amd64_gcc462/src/RecoBTag/SecondaryVertex/plugins/RecoBTagSecondaryVertexESProducers/libRecoBTagSecondaryVertexESProducers.so
>> Building edm plugin tmp/slc5_amd64_gcc462/src/RecoBTag/SecondaryVertex/plugins/RecoBTagSecondaryVertexProducer/libRecoBTagSecondaryVertexProducer.so
@@@@ Running edmWriteConfigs for IPAnalyzer
--- Registered EDM Plugin: RecoBTagImpactParameterPlugins
@@@@ ----> OK  EDM Class Version 
>> Building edm plugin tmp/slc5_amd64_gcc462/src/RecoBTag/SoftLepton/plugins/RecoBTagSoftLeptonPlugins/libRecoBTagSoftLeptonPlugins.so
>> Building edm plugin tmp/slc5_amd64_gcc462/src/RecoBTag/SoftLepton/test/testLeptonAssociator/libtestLeptonAssociator.so
>> Building edm plugin tmp/slc5_amd64_gcc462/src/RecoBTag/SoftLepton/test/testMuonAssociator/libtestMuonAssociator.so
>> Leaving Package RecoBTau/JetTagComputer
--- Registered EDM Plugin: IPAnalyzer
>> Package RecoBTau/JetTagComputer built
@@@@ Running edmWriteConfigs for DPGAnalysisSiStripToolsCapabilities
@@@@ Running edmWriteConfigs for DPGAnalysisSiStripToolsPlugins
@@@@ ----> OK  EDM Class Version 
@@@@ Running edmWriteConfigs for DataFormatsMETRecoCapabilities
@@@@ Running edmWriteConfigs for RecoMETMETAnalyzers
>> Leaving Package RecoEgamma/EgammaTools
>> Package RecoEgamma/EgammaTools built
@@@@ Running edmWriteConfigs for RecoParticleFlowPFProducerPlugins
>> Leaving Package RecoBTag/ImpactParameter
>> Package RecoBTag/ImpactParameter built
@@@@ Running edmWriteConfigs for RecoBTagSecondaryVertexESProducers
--- Registered EDM Plugin: DPGAnalysisSiStripToolsCapabilities
--- Registered EDM Plugin: DataFormatsMETRecoCapabilities
@@@@ Running edmWriteConfigs for RecoBTagSecondaryVertexProducer
@@@@ Running edmWriteConfigs for RecoBTagSoftLeptonPlugins
@@@@ Running edmWriteConfigs for testLeptonAssociator
--- Registered EDM Plugin: RecoMETMETAnalyzers
--- Registered EDM Plugin: DPGAnalysisSiStripToolsPlugins
>> Subsystem RecoBTau built
>> Leaving Package DPGAnalysis/SiStripTools
>> Package DPGAnalysis/SiStripTools built
>> Leaving Package DataFormats/METReco
>> Package DataFormats/METReco built
>> Leaving Package RecoMET/METAnalyzers
>> Package RecoMET/METAnalyzers built
@@@@ Running edmWriteConfigs for testMuonAssociator
>> Subsystem RecoEgamma built
>> Subsystem DPGAnalysis built
>> Subsystem RecoMET built
--- Registered EDM Plugin: RecoBTagSecondaryVertexESProducers
--- Registered EDM Plugin: RecoParticleFlowPFProducerPlugins
>> Leaving Package RecoParticleFlow/PFProducer
>> Package RecoParticleFlow/PFProducer built
>> Building shared library tmp/slc5_amd64_gcc462/src/PhysicsTools/PatUtils/src/PhysicsToolsPatUtils/libPhysicsToolsPatUtils.so
>> Building edm plugin tmp/slc5_amd64_gcc462/src/PhysicsTools/PatUtils/plugins/PhysicsToolsPatUtils_plugins/libPhysicsToolsPatUtils_plugins.so
>> Building capability library tmp/slc5_amd64_gcc462/src/DataFormats/PatCandidates/src/DataFormatsPatCandidates/libDataFormatsPatCandidatesCapabilities.so
>> Building edm plugin tmp/slc5_amd64_gcc462/src/JetMETCorrections/Type1MET/plugins/JetMETCorrectionsType1MET_plugins/libJetMETCorrectionsType1MET_plugins.so
>> Building binary testKinResolutions
--- Registered EDM Plugin: RecoBTagSecondaryVertexProducer
--- Registered EDM Plugin: testLeptonAssociator
>> Subsystem RecoParticleFlow built
>> Building binary trainLL
>> Building shared library tmp/slc5_amd64_gcc462/src/EgammaAnalysis/ElectronTools/src/EgammaAnalysisElectronTools/libEgammaAnalysisElectronTools.so
>> Checking EDM Class Version for src/DataFormats/PatCandidates/src/classes_def.xml in libDataFormatsPatCandidatesCapabilities.so
Copying tmp/slc5_amd64_gcc462/src/DataFormats/PatCandidates/test/testKinResolutions/testKinResolutions to productstore area:
Copying tmp/slc5_amd64_gcc462/src/TopQuarkAnalysis/SingleTop/bin/trainLL/trainLL to productstore area:
Copying tmp/slc5_amd64_gcc462/src/EgammaAnalysis/ElectronTools/src/EgammaAnalysisElectronTools/libEgammaAnalysisElectronTools.so to productstore area:
--- Registered EDM Plugin: testMuonAssociator
>> Leaving Package RecoBTag/SecondaryVertex
>> Package RecoBTag/SecondaryVertex built
--- Registered EDM Plugin: RecoBTagSoftLeptonPlugins
>> Building edm plugin tmp/slc5_amd64_gcc462/src/EGamma/EGammaAnalysisTools/plugins/EGammaEGammaAnalysisToolsPlugins/libEGammaEGammaAnalysisToolsPlugins.so
>> Leaving Package RecoBTag/SoftLepton
>> Package RecoBTag/SoftLepton built
--->> genreflex: INFO: Parsing file src/CMGTools/External/src/classes.h with GCC_XML OK
--->> genreflex: INFO: Generating Reflex Dictionary
class PileupJetIdentifier
class PileupJetIdAlgo
class StoredPileupJetIdentifier
class std::vector<StoredPileupJetIdentifier>
class edm::ValueMap<StoredPileupJetIdentifier>
class edm::Wrapper<edm::ValueMap<StoredPileupJetIdentifier> >
>> Subsystem RecoBTag built
>> Compiling capabilities tmp/slc5_amd64_gcc462/src/CMGTools/External/src/CMGToolsExternal/a/xi.cc 
>> Compiling LCG dictionary: tmp/slc5_amd64_gcc462/src/CMGTools/External/src/CMGToolsExternal/a/xr.cc
>> Building edm plugin tmp/slc5_amd64_gcc462/src/TopQuarkAnalysis/SingleTop/src/TopQuarkAnalysisSingleTop/libTopQuarkAnalysisSingleTop.so
>> Building edm plugin tmp/slc5_amd64_gcc462/src/EgammaAnalysis/ElectronTools/plugins/EgammaAnalysisElectronToolsPlugins/libEgammaAnalysisElectronToolsPlugins.so
>> Building edm plugin tmp/slc5_amd64_gcc462/src/EgammaAnalysis/ElectronTools/test/EgammaEGammaAnalysisToolsTest/libEgammaEGammaAnalysisToolsTest.so
@@@@ Running edmWriteConfigs for PhysicsToolsPatUtils_plugins
@@@@ Running edmWriteConfigs for JetMETCorrectionsType1MET_plugins
>> Building shared library tmp/slc5_amd64_gcc462/src/PhysicsTools/PatAlgos/src/PhysicsToolsPatAlgos/libPhysicsToolsPatAlgos.so
>> Building edm plugin tmp/slc5_amd64_gcc462/src/PhysicsTools/PatAlgos/test/PhysicsToolsPatAlgos_testAnalyzers/libPhysicsToolsPatAlgos_testAnalyzers.so
>> Building capability library tmp/slc5_amd64_gcc462/src/PhysicsTools/PatUtils/src/PhysicsToolsPatUtils/libPhysicsToolsPatUtilsCapabilities.so
--- Registered EDM Plugin: JetMETCorrectionsType1MET_plugins
@@@@ Running edmWriteConfigs for EGammaEGammaAnalysisToolsPlugins
@@@@ Running edmWriteConfigs for EgammaEGammaAnalysisToolsTest
>> Checking EDM Class Version for src/PhysicsTools/PatUtils/src/classes_def.xml in libPhysicsToolsPatUtilsCapabilities.so
>> Leaving Package JetMETCorrections/Type1MET
>> Package JetMETCorrections/Type1MET built
Copying tmp/slc5_amd64_gcc462/src/PhysicsTools/PatAlgos/src/PhysicsToolsPatAlgos/libPhysicsToolsPatAlgos.so to productstore area:
@@@@ Running edmWriteConfigs for EgammaAnalysisElectronToolsPlugins
@@@@ Running edmWriteConfigs for PhysicsToolsPatAlgos_testAnalyzers
>> Subsystem JetMETCorrections built
>> Building edm plugin tmp/slc5_amd64_gcc462/src/PhysicsTools/PatAlgos/plugins/PhysicsToolsPatAlgos_plugins/libPhysicsToolsPatAlgos_plugins.so
@@@@ ----> OK  EDM Class Version 
@@@@ Running edmWriteConfigs for DataFormatsPatCandidatesCapabilities
--- Registered EDM Plugin: PhysicsToolsPatAlgos_testAnalyzers
--- Registered EDM Plugin: EGammaEGammaAnalysisToolsPlugins
>> Leaving Package EGamma/EGammaAnalysisTools
>> Package EGamma/EGammaAnalysisTools built
>> Subsystem EGamma built
--- Registered EDM Plugin: DataFormatsPatCandidatesCapabilities
>> Leaving Package DataFormats/PatCandidates
>> Package DataFormats/PatCandidates built
>> Subsystem DataFormats built
--- Registered EDM Plugin: EgammaEGammaAnalysisToolsTest
--- Registered EDM Plugin: EgammaAnalysisElectronToolsPlugins
>> Leaving Package EgammaAnalysis/ElectronTools
>> Package EgammaAnalysis/ElectronTools built
>> Subsystem EgammaAnalysis built
--- Registered EDM Plugin: PhysicsToolsPatUtils_plugins
@@@@ Running edmWriteConfigs for PhysicsToolsPatAlgos_plugins
@@@@ ----> OK  EDM Class Version 
@@@@ Running edmWriteConfigs for PhysicsToolsPatUtilsCapabilities
--- Registered EDM Plugin: PhysicsToolsPatUtilsCapabilities
>> Leaving Package PhysicsTools/PatUtils
>> Package PhysicsTools/PatUtils built
@@@@ Running edmWriteConfigs for TopQuarkAnalysisSingleTop
>> Building shared library tmp/slc5_amd64_gcc462/src/CMGTools/External/src/CMGToolsExternal/libCMGToolsExternal.so
Copying tmp/slc5_amd64_gcc462/src/CMGTools/External/src/CMGToolsExternal/libCMGToolsExternal.so to productstore area:
>> Building edm plugin tmp/slc5_amd64_gcc462/src/CMGTools/External/plugins/CMGToolsExternalsplugins/libCMGToolsExternalsplugins.so
>> Building capability library tmp/slc5_amd64_gcc462/src/CMGTools/External/src/CMGToolsExternal/libCMGToolsExternalCapabilities.so
>> Checking EDM Class Version for src/CMGTools/External/src/classes_def.xml in libCMGToolsExternalCapabilities.so
@@@@ Running edmWriteConfigs for CMGToolsExternalsplugins
--- Registered EDM Plugin: TopQuarkAnalysisSingleTop
>> Leaving Package TopQuarkAnalysis/SingleTop
>> Package TopQuarkAnalysis/SingleTop built
>> Subsystem TopQuarkAnalysis built
--- Registered EDM Plugin: CMGToolsExternalsplugins
PATPhotonProducer
PATJetProducer
PATElectronProducer
JetCorrFactorsProducer
--- Registered EDM Plugin: PhysicsToolsPatAlgos_plugins
>> Leaving Package PhysicsTools/PatAlgos
>> Package PhysicsTools/PatAlgos built
>> Subsystem PhysicsTools built
@@@@ ----> OK  EDM Class Version 
@@@@ Running edmWriteConfigs for CMGToolsExternalCapabilities
--- Registered EDM Plugin: CMGToolsExternalCapabilities
>> Leaving Package CMGTools/External
>> Package CMGTools/External built
>> Subsystem CMGTools built
gmake[1]: Entering directory `/afs/cern.ch/work/o/oiorio/git_test/CMSSW_5_3_11_patch6'
tmp/slc5_amd64_gcc462/MakeData/DirCache.mk:607: No such file exists: src/TopQuarkAnalysis/SingleTop/bin/fitsPlots1DKarlsruhe.cpp. Please fix src/TopQuarkAnalysis/SingleTop/bin/BuildFile.
tmp/slc5_amd64_gcc462/MakeData/DirCache.mk:618: No such file exists: src/TopQuarkAnalysis/SingleTop/bin/fitsPlotsTestMC.cpp. Please fix src/TopQuarkAnalysis/SingleTop/bin/BuildFile.
tmp/slc5_amd64_gcc462/MakeData/DirCache.mk:629: No such file exists: src/TopQuarkAnalysis/SingleTop/bin/plots1DValidation.cpp. Please fix src/TopQuarkAnalysis/SingleTop/bin/BuildFile.
tmp/slc5_amd64_gcc462/MakeData/DirCache.mk:640: No such file exists: src/TopQuarkAnalysis/SingleTop/bin/fitsPlots1D.cpp. Please fix src/TopQuarkAnalysis/SingleTop/bin/BuildFile.
tmp/slc5_amd64_gcc462/MakeData/DirCache.mk:651: No such file exists: src/TopQuarkAnalysis/SingleTop/bin/fitsPlotsPDFs1D.cpp. Please fix src/TopQuarkAnalysis/SingleTop/bin/BuildFile.
tmp/slc5_amd64_gcc462/MakeData/DirCache.mk:662: No such file exists: src/TopQuarkAnalysis/SingleTop/bin/Plotter.cpp. Please fix src/TopQuarkAnalysis/SingleTop/bin/BuildFile.
tmp/slc5_amd64_gcc462/MakeData/DirCache.mk:673: No such file exists: src/TopQuarkAnalysis/SingleTop/bin/2DLikelihoodTreeMaker.cpp. Please fix src/TopQuarkAnalysis/SingleTop/bin/BuildFile.
tmp/slc5_amd64_gcc462/MakeData/DirCache.mk:684: No such file exists: src/TopQuarkAnalysis/SingleTop/bin/Subtractor.cpp. Please fix src/TopQuarkAnalysis/SingleTop/bin/BuildFile.
tmp/slc5_amd64_gcc462/MakeData/DirCache.mk:695: No such file exists: src/TopQuarkAnalysis/SingleTop/bin/fitsPlots2DSFLikelihoodSummerDataDriven.cpp. Please fix src/TopQuarkAnalysis/SingleTop/bin/BuildFile.
>> Local Products Rules ..... started
>> Local Products Rules ..... done
@@@@ Refreshing Plugins:edmPluginRefresh
>> Creating project symlinks
>> Done python_symlink
>> Compiling python modules cfipython/slc5_amd64_gcc462
>> Compiling python modules python
>> Compiling python modules src/DPGAnalysis/SiStripTools/python
>> Compiling python modules src/EGamma/EGammaAnalysisTools/python
>> Compiling python modules src/JetMETCorrections/Type1MET/python
>> Compiling python modules src/EgammaAnalysis/ElectronTools/python
>> Compiling python modules src/PhysicsTools/PatAlgos/python
>> Compiling python modules src/PhysicsTools/PatUtils/python
>> Compiling python modules src/RecoBTag/Configuration/python
>> Compiling python modules src/RecoBTag/ImpactParameter/python
>> Compiling python modules src/RecoBTag/SecondaryVertex/python
>> Compiling python modules src/RecoBTau/JetTagComputer/python
>> Compiling python modules src/RecoBTag/SoftLepton/python
>> Compiling python modules src/RecoEgamma/EgammaTools/python
>> Compiling python modules src/RecoMET/METAnalyzers/python
>> Compiling python modules src/RecoParticleFlow/PFProducer/python
>> Compiling python modules src/TopQuarkAnalysis/SingleTop/python
>> Compiling python modules src/CMGTools/External/python
>> Pluging of all type refreshed.
>> All python modules compiled
gmake[1]: Leaving directory `/afs/cern.ch/work/o/oiorio/git_test/CMSSW_5_3_11_patch6'
