Reading cached build data
>> Local Products Rules ..... started
>> Local Products Rules ..... done
>> Entering Package CondFormats/DataRecord
>> Creating project symlinks
>> Compiling  /afs/cern.ch/work/o/oiorio/CMSSW_5_3_11_patch2/src/CondFormats/DataRecord/src/AlCaRecoTriggerBitsRcd.cc 
>> Compiling  /afs/cern.ch/work/o/oiorio/CMSSW_5_3_11_patch2/src/CondFormats/DataRecord/src/BTagTrackProbability2DRcd.cc 
>> Compiling  /afs/cern.ch/work/o/oiorio/CMSSW_5_3_11_patch2/src/CondFormats/DataRecord/src/CSCChamberIndexRcd.cc 
>> Compiling  /afs/cern.ch/work/o/oiorio/CMSSW_5_3_11_patch2/src/CondFormats/DataRecord/src/CSCBadChambersRcd.cc 
>> Compiling  /afs/cern.ch/work/o/oiorio/CMSSW_5_3_11_patch2/src/CondFormats/DataRecord/src/BTagTrackProbability3DRcd.cc 
>> Compiling  /afs/cern.ch/work/o/oiorio/CMSSW_5_3_11_patch2/src/CondFormats/DataRecord/src/CSCBadStripsRcd.cc 
>> Compiling  /afs/cern.ch/work/o/oiorio/CMSSW_5_3_11_patch2/src/CondFormats/DataRecord/src/BTauGenericMVAJetTagComputerRcd.cc 
>> Compiling  /afs/cern.ch/work/o/oiorio/CMSSW_5_3_11_patch2/src/CondFormats/DataRecord/src/BeamSpotObjectsRcd.cc 
>> Compiling  /afs/cern.ch/work/o/oiorio/CMSSW_5_3_11_patch2/src/CondFormats/DataRecord/src/CSCBadWiresRcd.cc 
>> Compiling  /afs/cern.ch/work/o/oiorio/CMSSW_5_3_11_patch2/src/CondFormats/DataRecord/src/CSCChamberMapRcd.cc 
>> Compiling  /afs/cern.ch/work/o/oiorio/CMSSW_5_3_11_patch2/src/CondFormats/DataRecord/src/CSCChamberTimeCorrectionsRcd.cc 
>> Compiling  /afs/cern.ch/work/o/oiorio/CMSSW_5_3_11_patch2/src/CondFormats/DataRecord/src/CSCDBCrosstalkRcd.cc 
>> Compiling  /afs/cern.ch/work/o/oiorio/CMSSW_5_3_11_patch2/src/CondFormats/DataRecord/src/CSCCrateMapRcd.cc 
>> Compiling  /afs/cern.ch/work/o/oiorio/CMSSW_5_3_11_patch2/src/CondFormats/DataRecord/src/CSCDBChipSpeedCorrectionRcd.cc 
>> Compiling  /afs/cern.ch/work/o/oiorio/CMSSW_5_3_11_patch2/src/CondFormats/DataRecord/src/CSCDBGainsRcd.cc 
>> Compiling  /afs/cern.ch/work/o/oiorio/CMSSW_5_3_11_patch2/src/CondFormats/DataRecord/src/CSCDBGasGainCorrectionRcd.cc 
>> Compiling  /afs/cern.ch/work/o/oiorio/CMSSW_5_3_11_patch2/src/CondFormats/DataRecord/src/CSCDBL1TPParametersRcd.cc 
>> Compiling  /afs/cern.ch/work/o/oiorio/CMSSW_5_3_11_patch2/src/CondFormats/DataRecord/src/CSCDCSDataRcd.cc 
>> Compiling  /afs/cern.ch/work/o/oiorio/CMSSW_5_3_11_patch2/src/CondFormats/DataRecord/src/CSCDBNoiseMatrixRcd.cc 
>> Compiling  /afs/cern.ch/work/o/oiorio/CMSSW_5_3_11_patch2/src/CondFormats/DataRecord/src/CSCDBPedestalsRcd.cc 
>> Compiling  /afs/cern.ch/work/o/oiorio/CMSSW_5_3_11_patch2/src/CondFormats/DataRecord/src/CSCDDUMapRcd.cc 
>> Compiling  /afs/cern.ch/work/o/oiorio/CMSSW_5_3_11_patch2/src/CondFormats/DataRecord/src/CSCGainsRcd.cc 
>> Compiling  /afs/cern.ch/work/o/oiorio/CMSSW_5_3_11_patch2/src/CondFormats/DataRecord/src/CSCIdentifierRcd.cc 
>> Compiling  /afs/cern.ch/work/o/oiorio/CMSSW_5_3_11_patch2/src/CondFormats/DataRecord/src/CSCL1TPParametersRcd.cc 
>> Compiling  /afs/cern.ch/work/o/oiorio/CMSSW_5_3_11_patch2/src/CondFormats/DataRecord/src/CSCNoiseMatrixRcd.cc 
>> Compiling  /afs/cern.ch/work/o/oiorio/CMSSW_5_3_11_patch2/src/CondFormats/DataRecord/src/CSCPedestalsRcd.cc 
>> Compiling  /afs/cern.ch/work/o/oiorio/CMSSW_5_3_11_patch2/src/CondFormats/DataRecord/src/CSCRSensorsRcd.cc 
>> Compiling  /afs/cern.ch/work/o/oiorio/CMSSW_5_3_11_patch2/src/CondFormats/DataRecord/src/CSCReadoutMappingRcd.cc 
>> Compiling  /afs/cern.ch/work/o/oiorio/CMSSW_5_3_11_patch2/src/CondFormats/DataRecord/src/CSCZSensorsRcd.cc 
>> Compiling  /afs/cern.ch/work/o/oiorio/CMSSW_5_3_11_patch2/src/CondFormats/DataRecord/src/CSCcrosstalkRcd.cc 
>> Compiling  /afs/cern.ch/work/o/oiorio/CMSSW_5_3_11_patch2/src/CondFormats/DataRecord/src/CastorChannelQualityRcd.cc 
>> Compiling  /afs/cern.ch/work/o/oiorio/CMSSW_5_3_11_patch2/src/CondFormats/DataRecord/src/CastorElectronicsMapRcd.cc 
>> Compiling  /afs/cern.ch/work/o/oiorio/CMSSW_5_3_11_patch2/src/CondFormats/DataRecord/src/CastorGainWidthsRcd.cc 
>> Compiling  /afs/cern.ch/work/o/oiorio/CMSSW_5_3_11_patch2/src/CondFormats/DataRecord/src/CastorGainsRcd.cc 
>> Compiling  /afs/cern.ch/work/o/oiorio/CMSSW_5_3_11_patch2/src/CondFormats/DataRecord/src/CastorPedestalWidthsRcd.cc 
>> Compiling  /afs/cern.ch/work/o/oiorio/CMSSW_5_3_11_patch2/src/CondFormats/DataRecord/src/CastorPedestalsRcd.cc 
>> Compiling  /afs/cern.ch/work/o/oiorio/CMSSW_5_3_11_patch2/src/CondFormats/DataRecord/src/CastorQIEDataRcd.cc 
>> Compiling  /afs/cern.ch/work/o/oiorio/CMSSW_5_3_11_patch2/src/CondFormats/DataRecord/src/CastorRecoParamsRcd.cc 
>> Compiling  /afs/cern.ch/work/o/oiorio/CMSSW_5_3_11_patch2/src/CondFormats/DataRecord/src/CastorSaturationCorrsRcd.cc 
>> Compiling  /afs/cern.ch/work/o/oiorio/CMSSW_5_3_11_patch2/src/CondFormats/DataRecord/src/CombinedTauTagRcd.cc 
>> Compiling  /afs/cern.ch/work/o/oiorio/CMSSW_5_3_11_patch2/src/CondFormats/DataRecord/src/ConfObjectRcd.cc 
>> Compiling  /afs/cern.ch/work/o/oiorio/CMSSW_5_3_11_patch2/src/CondFormats/DataRecord/src/DQMReferenceHistogramRootFileRcd.cc 
>> Compiling  /afs/cern.ch/work/o/oiorio/CMSSW_5_3_11_patch2/src/CondFormats/DataRecord/src/DQMSummaryRcd.cc 
>> Compiling  /afs/cern.ch/work/o/oiorio/CMSSW_5_3_11_patch2/src/CondFormats/DataRecord/src/DQMXMLFileRcd.cc 
>> Compiling  /afs/cern.ch/work/o/oiorio/CMSSW_5_3_11_patch2/src/CondFormats/DataRecord/src/DTCCBConfigRcd.cc 
>> Compiling  /afs/cern.ch/work/o/oiorio/CMSSW_5_3_11_patch2/src/CondFormats/DataRecord/src/DTDeadFlagRcd.cc 
>> Compiling  /afs/cern.ch/work/o/oiorio/CMSSW_5_3_11_patch2/src/CondFormats/DataRecord/src/DTKeyedConfigContainerRcd.cc 
>> Compiling  /afs/cern.ch/work/o/oiorio/CMSSW_5_3_11_patch2/src/CondFormats/DataRecord/src/DTHVStatusRcd.cc 
>> Compiling  /afs/cern.ch/work/o/oiorio/CMSSW_5_3_11_patch2/src/CondFormats/DataRecord/src/DTKeyedConfigListRcd.cc 
>> Compiling  /afs/cern.ch/work/o/oiorio/CMSSW_5_3_11_patch2/src/CondFormats/DataRecord/src/DTLVStatusRcd.cc 
>> Compiling  /afs/cern.ch/work/o/oiorio/CMSSW_5_3_11_patch2/src/CondFormats/DataRecord/src/DTMtimeRcd.cc 
>> Compiling  /afs/cern.ch/work/o/oiorio/CMSSW_5_3_11_patch2/src/CondFormats/DataRecord/src/DTPerformanceRcd.cc 
>> Compiling  /afs/cern.ch/work/o/oiorio/CMSSW_5_3_11_patch2/src/CondFormats/DataRecord/src/DTRangeT0Rcd.cc 
>> Compiling  /afs/cern.ch/work/o/oiorio/CMSSW_5_3_11_patch2/src/CondFormats/DataRecord/src/DTReadOutMappingRcd.cc 
>> Compiling  /afs/cern.ch/work/o/oiorio/CMSSW_5_3_11_patch2/src/CondFormats/DataRecord/src/DTStatusFlagRcd.cc 
>> Compiling  /afs/cern.ch/work/o/oiorio/CMSSW_5_3_11_patch2/src/CondFormats/DataRecord/src/DTT0RangeRcd.cc 
>> Compiling  /afs/cern.ch/work/o/oiorio/CMSSW_5_3_11_patch2/src/CondFormats/DataRecord/src/DTT0Rcd.cc 
>> Compiling  /afs/cern.ch/work/o/oiorio/CMSSW_5_3_11_patch2/src/CondFormats/DataRecord/src/DTTPGParametersRcd.cc 
>> Compiling  /afs/cern.ch/work/o/oiorio/CMSSW_5_3_11_patch2/src/CondFormats/DataRecord/src/DTTtrigRcd.cc 
>> Compiling  /afs/cern.ch/work/o/oiorio/CMSSW_5_3_11_patch2/src/CondFormats/DataRecord/src/DTT0RefRcd.cc 
>> Compiling  /afs/cern.ch/work/o/oiorio/CMSSW_5_3_11_patch2/src/CondFormats/DataRecord/src/DropBoxMetadataRcd.cc 
>> Compiling  /afs/cern.ch/work/o/oiorio/CMSSW_5_3_11_patch2/src/CondFormats/DataRecord/src/ESADCToGeVConstantRcd.cc 
>> Compiling  /afs/cern.ch/work/o/oiorio/CMSSW_5_3_11_patch2/src/CondFormats/DataRecord/src/ESAngleCorrectionFactorsRcd.cc 
>> Compiling  /afs/cern.ch/work/o/oiorio/CMSSW_5_3_11_patch2/src/CondFormats/DataRecord/src/ESChannelStatusRcd.cc 
>> Compiling  /afs/cern.ch/work/o/oiorio/CMSSW_5_3_11_patch2/src/CondFormats/DataRecord/src/ESEEIntercalibConstantsRcd.cc 
>> Compiling  /afs/cern.ch/work/o/oiorio/CMSSW_5_3_11_patch2/src/CondFormats/DataRecord/src/ESGainRcd.cc 
>> Compiling  /afs/cern.ch/work/o/oiorio/CMSSW_5_3_11_patch2/src/CondFormats/DataRecord/src/ESIntercalibConstantsRcd.cc 
>> Compiling  /afs/cern.ch/work/o/oiorio/CMSSW_5_3_11_patch2/src/CondFormats/DataRecord/src/ESMIPToGeVConstantRcd.cc 
>> Compiling  /afs/cern.ch/work/o/oiorio/CMSSW_5_3_11_patch2/src/CondFormats/DataRecord/src/ESMissingEnergyCalibrationRcd.cc 
>> Compiling  /afs/cern.ch/work/o/oiorio/CMSSW_5_3_11_patch2/src/CondFormats/DataRecord/src/ESPedestalsRcd.cc 
>> Compiling  /afs/cern.ch/work/o/oiorio/CMSSW_5_3_11_patch2/src/CondFormats/DataRecord/src/ESRecHitRatioCutsRcd.cc 
>> Compiling  /afs/cern.ch/work/o/oiorio/CMSSW_5_3_11_patch2/src/CondFormats/DataRecord/src/ESTBWeightsRcd.cc 
>> Compiling  /afs/cern.ch/work/o/oiorio/CMSSW_5_3_11_patch2/src/CondFormats/DataRecord/src/ESThresholdsRcd.cc 
>> Compiling  /afs/cern.ch/work/o/oiorio/CMSSW_5_3_11_patch2/src/CondFormats/DataRecord/src/ESTimeSampleWeightsRcd.cc 
>> Compiling  /afs/cern.ch/work/o/oiorio/CMSSW_5_3_11_patch2/src/CondFormats/DataRecord/src/ESWeightStripGroupsRcd.cc 
>> Compiling  /afs/cern.ch/work/o/oiorio/CMSSW_5_3_11_patch2/src/CondFormats/DataRecord/src/EcalADCToGeVConstantRcd.cc 
>> Compiling  /afs/cern.ch/work/o/oiorio/CMSSW_5_3_11_patch2/src/CondFormats/DataRecord/src/EcalChannelStatusRcd.cc 
>> Compiling  /afs/cern.ch/work/o/oiorio/CMSSW_5_3_11_patch2/src/CondFormats/DataRecord/src/EcalClusterCrackCorrParametersRcd.cc 
>> Compiling  /afs/cern.ch/work/o/oiorio/CMSSW_5_3_11_patch2/src/CondFormats/DataRecord/src/EcalClusterEnergyCorrectionObjectSpecificParametersRcd.cc 
>> Compiling  /afs/cern.ch/work/o/oiorio/CMSSW_5_3_11_patch2/src/CondFormats/DataRecord/src/EcalClusterEnergyCorrectionParametersRcd.cc 
>> Compiling  /afs/cern.ch/work/o/oiorio/CMSSW_5_3_11_patch2/src/CondFormats/DataRecord/src/EcalClusterEnergyUncertaintyParametersRcd.cc 
>> Compiling  /afs/cern.ch/work/o/oiorio/CMSSW_5_3_11_patch2/src/CondFormats/DataRecord/src/EcalClusterLocalContCorrParametersRcd.cc 
>> Compiling  /afs/cern.ch/work/o/oiorio/CMSSW_5_3_11_patch2/src/CondFormats/DataRecord/src/EcalDAQTowerStatusRcd.cc 
>> Compiling  /afs/cern.ch/work/o/oiorio/CMSSW_5_3_11_patch2/src/CondFormats/DataRecord/src/EcalDCSTowerStatusRcd.cc 
>> Compiling  /afs/cern.ch/work/o/oiorio/CMSSW_5_3_11_patch2/src/CondFormats/DataRecord/src/EcalDQMChannelStatusRcd.cc 
>> Compiling  /afs/cern.ch/work/o/oiorio/CMSSW_5_3_11_patch2/src/CondFormats/DataRecord/src/EcalDQMTowerStatusRcd.cc 
>> Compiling  /afs/cern.ch/work/o/oiorio/CMSSW_5_3_11_patch2/src/CondFormats/DataRecord/src/EcalGainRatiosRcd.cc 
>> Compiling  /afs/cern.ch/work/o/oiorio/CMSSW_5_3_11_patch2/src/CondFormats/DataRecord/src/EcalGlobalShowerContainmentCorrectionsVsEtaRcd.cc 
>> Compiling  /afs/cern.ch/work/o/oiorio/CMSSW_5_3_11_patch2/src/CondFormats/DataRecord/src/EcalIntercalibConstantsMCRcd.cc 
>> Compiling  /afs/cern.ch/work/o/oiorio/CMSSW_5_3_11_patch2/src/CondFormats/DataRecord/src/EcalIntercalibConstantsRcd.cc 
>> Compiling  /afs/cern.ch/work/o/oiorio/CMSSW_5_3_11_patch2/src/CondFormats/DataRecord/src/EcalIntercalibErrorsRcd.cc 
>> Compiling  /afs/cern.ch/work/o/oiorio/CMSSW_5_3_11_patch2/src/CondFormats/DataRecord/src/EcalLaserAPDPNRatiosRcd.cc 
>> Compiling  /afs/cern.ch/work/o/oiorio/CMSSW_5_3_11_patch2/src/CondFormats/DataRecord/src/EcalLaserAPDPNRatiosRefRcd.cc 
>> Compiling  /afs/cern.ch/work/o/oiorio/CMSSW_5_3_11_patch2/src/CondFormats/DataRecord/src/EcalLaserAlphasRcd.cc 
>> Compiling  /afs/cern.ch/work/o/oiorio/CMSSW_5_3_11_patch2/src/CondFormats/DataRecord/src/EcalMappingElectronicsRcd.cc 
>> Compiling  /afs/cern.ch/work/o/oiorio/CMSSW_5_3_11_patch2/src/CondFormats/DataRecord/src/EcalPedestalsRcd.cc 
>> Compiling  /afs/cern.ch/work/o/oiorio/CMSSW_5_3_11_patch2/src/CondFormats/DataRecord/src/EcalSRSettingsRcd.cc 
>> Compiling  /afs/cern.ch/work/o/oiorio/CMSSW_5_3_11_patch2/src/CondFormats/DataRecord/src/EcalSampleMaskRcd.cc 
>> Compiling  /afs/cern.ch/work/o/oiorio/CMSSW_5_3_11_patch2/src/CondFormats/DataRecord/src/EcalShowerContainmentCorrectionsLogE2E1Rcd.cc 
>> Compiling  /afs/cern.ch/work/o/oiorio/CMSSW_5_3_11_patch2/src/CondFormats/DataRecord/src/EcalShowerContainmentCorrectionsRcd.cc 
>> Compiling  /afs/cern.ch/work/o/oiorio/CMSSW_5_3_11_patch2/src/CondFormats/DataRecord/src/EcalTBWeightsRcd.cc 
>> Compiling  /afs/cern.ch/work/o/oiorio/CMSSW_5_3_11_patch2/src/CondFormats/DataRecord/src/EcalTPGCrystalStatusRcd.cc 
>> Compiling  /afs/cern.ch/work/o/oiorio/CMSSW_5_3_11_patch2/src/CondFormats/DataRecord/src/EcalTPGFineGrainEBGroupRcd.cc 
>> Compiling  /afs/cern.ch/work/o/oiorio/CMSSW_5_3_11_patch2/src/CondFormats/DataRecord/src/EcalTPGFineGrainEBIdMapRcd.cc 
>> Compiling  /afs/cern.ch/work/o/oiorio/CMSSW_5_3_11_patch2/src/CondFormats/DataRecord/src/EcalTPGFineGrainStripEERcd.cc 
>> Compiling  /afs/cern.ch/work/o/oiorio/CMSSW_5_3_11_patch2/src/CondFormats/DataRecord/src/EcalTPGFineGrainTowerEERcd.cc 
>> Compiling  /afs/cern.ch/work/o/oiorio/CMSSW_5_3_11_patch2/src/CondFormats/DataRecord/src/EcalTPGGroupsRcd.cc 
>> Compiling  /afs/cern.ch/work/o/oiorio/CMSSW_5_3_11_patch2/src/CondFormats/DataRecord/src/EcalTPGLinearizationConstRcd.cc 
>> Compiling  /afs/cern.ch/work/o/oiorio/CMSSW_5_3_11_patch2/src/CondFormats/DataRecord/src/EcalTPGLutGroupRcd.cc 
>> Compiling  /afs/cern.ch/work/o/oiorio/CMSSW_5_3_11_patch2/src/CondFormats/DataRecord/src/EcalTPGLutIdMapRcd.cc 
>> Compiling  /afs/cern.ch/work/o/oiorio/CMSSW_5_3_11_patch2/src/CondFormats/DataRecord/src/EcalTPGPedestalsRcd.cc 
>> Compiling  /afs/cern.ch/work/o/oiorio/CMSSW_5_3_11_patch2/src/CondFormats/DataRecord/src/EcalTPGSlidingWindowRcd.cc 
>> Compiling  /afs/cern.ch/work/o/oiorio/CMSSW_5_3_11_patch2/src/CondFormats/DataRecord/src/EcalTPGPhysicsConstRcd.cc 
>> Compiling  /afs/cern.ch/work/o/oiorio/CMSSW_5_3_11_patch2/src/CondFormats/DataRecord/src/EcalTPGSpikeRcd.cc 
>> Compiling  /afs/cern.ch/work/o/oiorio/CMSSW_5_3_11_patch2/src/CondFormats/DataRecord/src/EcalTPGStripStatusRcd.cc 
>> Compiling  /afs/cern.ch/work/o/oiorio/CMSSW_5_3_11_patch2/src/CondFormats/DataRecord/src/EcalTPGTowerStatusRcd.cc 
>> Compiling  /afs/cern.ch/work/o/oiorio/CMSSW_5_3_11_patch2/src/CondFormats/DataRecord/src/EcalTPGWeightGroupRcd.cc 
>> Compiling  /afs/cern.ch/work/o/oiorio/CMSSW_5_3_11_patch2/src/CondFormats/DataRecord/src/EcalTPGWeightIdMapRcd.cc 
>> Compiling  /afs/cern.ch/work/o/oiorio/CMSSW_5_3_11_patch2/src/CondFormats/DataRecord/src/EcalTimeCalibConstantsRcd.cc 
>> Compiling  /afs/cern.ch/work/o/oiorio/CMSSW_5_3_11_patch2/src/CondFormats/DataRecord/src/EcalTimeCalibErrorsRcd.cc 
>> Compiling  /afs/cern.ch/work/o/oiorio/CMSSW_5_3_11_patch2/src/CondFormats/DataRecord/src/EcalTimeOffsetConstantRcd.cc 
>> Compiling  /afs/cern.ch/work/o/oiorio/CMSSW_5_3_11_patch2/src/CondFormats/DataRecord/src/EcalWeightXtalGroupsRcd.cc 
>> Compiling  /afs/cern.ch/work/o/oiorio/CMSSW_5_3_11_patch2/src/CondFormats/DataRecord/src/ElectronLikelihoodPdfsRcd.cc 
>> Compiling  /afs/cern.ch/work/o/oiorio/CMSSW_5_3_11_patch2/src/CondFormats/DataRecord/src/ElectronLikelihoodRcd.cc 
>> Compiling  /afs/cern.ch/work/o/oiorio/CMSSW_5_3_11_patch2/src/CondFormats/DataRecord/src/ExEfficiency.cc 
>> Compiling  /afs/cern.ch/work/o/oiorio/CMSSW_5_3_11_patch2/src/CondFormats/DataRecord/src/FillInfoRcd.cc 
>> Compiling  /afs/cern.ch/work/o/oiorio/CMSSW_5_3_11_patch2/src/CondFormats/DataRecord/src/GBRWrapperRcd.cc 
>> Compiling  /afs/cern.ch/work/o/oiorio/CMSSW_5_3_11_patch2/src/CondFormats/DataRecord/src/HDQMSummaryRcd.cc 
>> Compiling  /afs/cern.ch/work/o/oiorio/CMSSW_5_3_11_patch2/src/CondFormats/DataRecord/src/HLTPrescaleTableRcd.cc 
>> Compiling  /afs/cern.ch/work/o/oiorio/CMSSW_5_3_11_patch2/src/CondFormats/DataRecord/src/HcalCalibrationQIEDataRcd.cc 
>> Compiling  /afs/cern.ch/work/o/oiorio/CMSSW_5_3_11_patch2/src/CondFormats/DataRecord/src/HcalChannelQualityRcd.cc 
>> Compiling  /afs/cern.ch/work/o/oiorio/CMSSW_5_3_11_patch2/src/CondFormats/DataRecord/src/HcalCholeskyMatricesRcd.cc 
>> Compiling  /afs/cern.ch/work/o/oiorio/CMSSW_5_3_11_patch2/src/CondFormats/DataRecord/src/HcalCovarianceMatricesRcd.cc 
>> Compiling  /afs/cern.ch/work/o/oiorio/CMSSW_5_3_11_patch2/src/CondFormats/DataRecord/src/HcalDcsMapRcd.cc 
>> Compiling  /afs/cern.ch/work/o/oiorio/CMSSW_5_3_11_patch2/src/CondFormats/DataRecord/src/HcalDcsRcd.cc 
>> Compiling  /afs/cern.ch/work/o/oiorio/CMSSW_5_3_11_patch2/src/CondFormats/DataRecord/src/HcalElectronicsMapRcd.cc 
>> Compiling  /afs/cern.ch/work/o/oiorio/CMSSW_5_3_11_patch2/src/CondFormats/DataRecord/src/HcalFlagHFDigiTimeParamsRcd.cc 
>> Compiling  /afs/cern.ch/work/o/oiorio/CMSSW_5_3_11_patch2/src/CondFormats/DataRecord/src/HcalGainWidthsRcd.cc 
>> Compiling  /afs/cern.ch/work/o/oiorio/CMSSW_5_3_11_patch2/src/CondFormats/DataRecord/src/HcalGainsRcd.cc 
>> Compiling  /afs/cern.ch/work/o/oiorio/CMSSW_5_3_11_patch2/src/CondFormats/DataRecord/src/HcalL1TriggerObjectsRcd.cc 
>> Compiling  /afs/cern.ch/work/o/oiorio/CMSSW_5_3_11_patch2/src/CondFormats/DataRecord/src/HcalLUTCorrsRcd.cc 
>> Compiling  /afs/cern.ch/work/o/oiorio/CMSSW_5_3_11_patch2/src/CondFormats/DataRecord/src/HcalLongRecoParamsRcd.cc 
>> Compiling  /afs/cern.ch/work/o/oiorio/CMSSW_5_3_11_patch2/src/CondFormats/DataRecord/src/HcalLutMetadataRcd.cc 
>> Compiling  /afs/cern.ch/work/o/oiorio/CMSSW_5_3_11_patch2/src/CondFormats/DataRecord/src/HcalMCParamsRcd.cc 
>> Compiling  /afs/cern.ch/work/o/oiorio/CMSSW_5_3_11_patch2/src/CondFormats/DataRecord/src/HcalPFCorrsRcd.cc 
>> Compiling  /afs/cern.ch/work/o/oiorio/CMSSW_5_3_11_patch2/src/CondFormats/DataRecord/src/HcalPedestalWidthsRcd.cc 
>> Compiling  /afs/cern.ch/work/o/oiorio/CMSSW_5_3_11_patch2/src/CondFormats/DataRecord/src/HcalPedestalsRcd.cc 
>> Compiling  /afs/cern.ch/work/o/oiorio/CMSSW_5_3_11_patch2/src/CondFormats/DataRecord/src/HcalQIEDataRcd.cc 
>> Compiling  /afs/cern.ch/work/o/oiorio/CMSSW_5_3_11_patch2/src/CondFormats/DataRecord/src/HcalRecoParamsRcd.cc 
>> Compiling  /afs/cern.ch/work/o/oiorio/CMSSW_5_3_11_patch2/src/CondFormats/DataRecord/src/HcalRespCorrsRcd.cc 
>> Compiling  /afs/cern.ch/work/o/oiorio/CMSSW_5_3_11_patch2/src/CondFormats/DataRecord/src/HcalTimingParamsRcd.cc 
>> Compiling  /afs/cern.ch/work/o/oiorio/CMSSW_5_3_11_patch2/src/CondFormats/DataRecord/src/HcalTimeCorrsRcd.cc 
>> Compiling  /afs/cern.ch/work/o/oiorio/CMSSW_5_3_11_patch2/src/CondFormats/DataRecord/src/HcalValidationCorrsRcd.cc 
>> Compiling  /afs/cern.ch/work/o/oiorio/CMSSW_5_3_11_patch2/src/CondFormats/DataRecord/src/HcalZSThresholdsRcd.cc 
>> Compiling  /afs/cern.ch/work/o/oiorio/CMSSW_5_3_11_patch2/src/CondFormats/DataRecord/src/HeavyIonRPRcd.cc 
>> Compiling  /afs/cern.ch/work/o/oiorio/CMSSW_5_3_11_patch2/src/CondFormats/DataRecord/src/HeavyIonRcd.cc 
>> Compiling  /afs/cern.ch/work/o/oiorio/CMSSW_5_3_11_patch2/src/CondFormats/DataRecord/src/JetCorrectorParametersRecord.cc 
>> Compiling  /afs/cern.ch/work/o/oiorio/CMSSW_5_3_11_patch2/src/CondFormats/DataRecord/src/InclinometersRcd.cc 
>> Compiling  /afs/cern.ch/work/o/oiorio/CMSSW_5_3_11_patch2/src/CondFormats/DataRecord/src/L1CaloEcalScaleRcd.cc 
>> Compiling  /afs/cern.ch/work/o/oiorio/CMSSW_5_3_11_patch2/src/CondFormats/DataRecord/src/L1CaloGeometryRecord.cc 
>> Compiling  /afs/cern.ch/work/o/oiorio/CMSSW_5_3_11_patch2/src/CondFormats/DataRecord/src/L1CaloHcalScaleRcd.cc 
>> Compiling  /afs/cern.ch/work/o/oiorio/CMSSW_5_3_11_patch2/src/CondFormats/DataRecord/src/L1EmEtScaleRcd.cc 
>> Compiling  /afs/cern.ch/work/o/oiorio/CMSSW_5_3_11_patch2/src/CondFormats/DataRecord/src/L1GctChannelMaskRcd.cc 
>> Compiling  /afs/cern.ch/work/o/oiorio/CMSSW_5_3_11_patch2/src/CondFormats/DataRecord/src/L1GctJetFinderParamsRcd.cc 
>> Compiling  /afs/cern.ch/work/o/oiorio/CMSSW_5_3_11_patch2/src/CondFormats/DataRecord/src/L1GtBoardMapsRcd.cc 
>> Compiling  /afs/cern.ch/work/o/oiorio/CMSSW_5_3_11_patch2/src/CondFormats/DataRecord/src/L1GtParametersRcd.cc 
>> Compiling  /afs/cern.ch/work/o/oiorio/CMSSW_5_3_11_patch2/src/CondFormats/DataRecord/src/L1GtPrescaleFactorsAlgoTrigRcd.cc 
>> Compiling  /afs/cern.ch/work/o/oiorio/CMSSW_5_3_11_patch2/src/CondFormats/DataRecord/src/L1GtPrescaleFactorsTechTrigRcd.cc 
>> Compiling  /afs/cern.ch/work/o/oiorio/CMSSW_5_3_11_patch2/src/CondFormats/DataRecord/src/L1GtPsbSetupRcd.cc 
>> Compiling  /afs/cern.ch/work/o/oiorio/CMSSW_5_3_11_patch2/src/CondFormats/DataRecord/src/L1GtStableParametersRcd.cc 
>> Compiling  /afs/cern.ch/work/o/oiorio/CMSSW_5_3_11_patch2/src/CondFormats/DataRecord/src/L1GtTriggerMaskAlgoTrigRcd.cc 
>> Compiling  /afs/cern.ch/work/o/oiorio/CMSSW_5_3_11_patch2/src/CondFormats/DataRecord/src/L1GtTriggerMaskTechTrigRcd.cc 
>> Compiling  /afs/cern.ch/work/o/oiorio/CMSSW_5_3_11_patch2/src/CondFormats/DataRecord/src/L1GtTriggerMaskVetoTechTrigRcd.cc 
>> Compiling  /afs/cern.ch/work/o/oiorio/CMSSW_5_3_11_patch2/src/CondFormats/DataRecord/src/L1GtTriggerMaskVetoAlgoTrigRcd.cc 
>> Compiling  /afs/cern.ch/work/o/oiorio/CMSSW_5_3_11_patch2/src/CondFormats/DataRecord/src/L1GtTriggerMenuRcd.cc 
>> Compiling  /afs/cern.ch/work/o/oiorio/CMSSW_5_3_11_patch2/src/CondFormats/DataRecord/src/L1HfRingEtScaleRcd.cc 
>> Compiling  /afs/cern.ch/work/o/oiorio/CMSSW_5_3_11_patch2/src/CondFormats/DataRecord/src/L1HtMissScaleRcd.cc 
>> Compiling  /afs/cern.ch/work/o/oiorio/CMSSW_5_3_11_patch2/src/CondFormats/DataRecord/src/L1JetEtScaleRcd.cc 
>> Compiling  /afs/cern.ch/work/o/oiorio/CMSSW_5_3_11_patch2/src/CondFormats/DataRecord/src/L1MuCSCPtLutRcd.cc 
>> Compiling  /afs/cern.ch/work/o/oiorio/CMSSW_5_3_11_patch2/src/CondFormats/DataRecord/src/L1MuCSCTFAlignment.cc 
>> Compiling  /afs/cern.ch/work/o/oiorio/CMSSW_5_3_11_patch2/src/CondFormats/DataRecord/src/L1MuCSCTFConfigurationRcd.cc 
>> Compiling  /afs/cern.ch/work/o/oiorio/CMSSW_5_3_11_patch2/src/CondFormats/DataRecord/src/L1MuDTEtaPatternLutRcd.cc 
>> Compiling  /afs/cern.ch/work/o/oiorio/CMSSW_5_3_11_patch2/src/CondFormats/DataRecord/src/L1MuDTExtLutRcd.cc 
>> Compiling  /afs/cern.ch/work/o/oiorio/CMSSW_5_3_11_patch2/src/CondFormats/DataRecord/src/L1MuDTPhiLutRcd.cc 
>> Compiling  /afs/cern.ch/work/o/oiorio/CMSSW_5_3_11_patch2/src/CondFormats/DataRecord/src/L1MuDTPtaLutRcd.cc 
>> Compiling  /afs/cern.ch/work/o/oiorio/CMSSW_5_3_11_patch2/src/CondFormats/DataRecord/src/L1MuDTQualPatternLutRcd.cc 
>> Compiling  /afs/cern.ch/work/o/oiorio/CMSSW_5_3_11_patch2/src/CondFormats/DataRecord/src/L1MuDTTFMasksRcd.cc 
>> Compiling  /afs/cern.ch/work/o/oiorio/CMSSW_5_3_11_patch2/src/CondFormats/DataRecord/src/L1MuDTTFParametersRcd.cc 
>> Compiling  /afs/cern.ch/work/o/oiorio/CMSSW_5_3_11_patch2/src/CondFormats/DataRecord/src/L1MuGMTChannelMaskRcd.cc 
>> Compiling  /afs/cern.ch/work/o/oiorio/CMSSW_5_3_11_patch2/src/CondFormats/DataRecord/src/L1MuGMTParametersRcd.cc 
>> Compiling  /afs/cern.ch/work/o/oiorio/CMSSW_5_3_11_patch2/src/CondFormats/DataRecord/src/L1MuGMTScalesRcd.cc 
>> Compiling  /afs/cern.ch/work/o/oiorio/CMSSW_5_3_11_patch2/src/CondFormats/DataRecord/src/L1MuTriggerPtScaleRcd.cc 
>> Compiling  /afs/cern.ch/work/o/oiorio/CMSSW_5_3_11_patch2/src/CondFormats/DataRecord/src/L1MuTriggerScalesRcd.cc 
>> Compiling  /afs/cern.ch/work/o/oiorio/CMSSW_5_3_11_patch2/src/CondFormats/DataRecord/src/L1RCTChannelMaskRcd.cc 
>> Compiling  /afs/cern.ch/work/o/oiorio/CMSSW_5_3_11_patch2/src/CondFormats/DataRecord/src/L1RCTNoisyChannelMaskRcd.cc 
>> Compiling  /afs/cern.ch/work/o/oiorio/CMSSW_5_3_11_patch2/src/CondFormats/DataRecord/src/L1RCTParametersRcd.cc 
>> Compiling  /afs/cern.ch/work/o/oiorio/CMSSW_5_3_11_patch2/src/CondFormats/DataRecord/src/L1RPCBxOrConfigRcd.cc 
>> Compiling  /afs/cern.ch/work/o/oiorio/CMSSW_5_3_11_patch2/src/CondFormats/DataRecord/src/L1RPCConeBuilderRcd.cc 
>> Compiling  /afs/cern.ch/work/o/oiorio/CMSSW_5_3_11_patch2/src/CondFormats/DataRecord/src/L1RPCConeDefinitionRcd.cc 
>> Compiling  /afs/cern.ch/work/o/oiorio/CMSSW_5_3_11_patch2/src/CondFormats/DataRecord/src/L1RPCConfigRcd.cc 
>> Compiling  /afs/cern.ch/work/o/oiorio/CMSSW_5_3_11_patch2/src/CondFormats/DataRecord/src/L1RPCHsbConfigRcd.cc 
>> Compiling  /afs/cern.ch/work/o/oiorio/CMSSW_5_3_11_patch2/src/CondFormats/DataRecord/src/L1RPCHwConfigRcd.cc 
>> Compiling  /afs/cern.ch/work/o/oiorio/CMSSW_5_3_11_patch2/src/CondFormats/DataRecord/src/L1TriggerKeyListRcd.cc 
>> Compiling  /afs/cern.ch/work/o/oiorio/CMSSW_5_3_11_patch2/src/CondFormats/DataRecord/src/L1TriggerKeyRcd.cc 
>> Compiling  /afs/cern.ch/work/o/oiorio/CMSSW_5_3_11_patch2/src/CondFormats/DataRecord/src/L1TriggerScalerRcd.cc 
>> Compiling  /afs/cern.ch/work/o/oiorio/CMSSW_5_3_11_patch2/src/CondFormats/DataRecord/src/LumiSectionDataRcd.cc 
>> Compiling  /afs/cern.ch/work/o/oiorio/CMSSW_5_3_11_patch2/src/CondFormats/DataRecord/src/MBAChBenchCalPlateRcd.cc 
>> Compiling  /afs/cern.ch/work/o/oiorio/CMSSW_5_3_11_patch2/src/CondFormats/DataRecord/src/MBAChBenchSurveyPlateRcd.cc 
>> Compiling  /afs/cern.ch/work/o/oiorio/CMSSW_5_3_11_patch2/src/CondFormats/DataRecord/src/MixingRcd.cc 
>> Compiling  /afs/cern.ch/work/o/oiorio/CMSSW_5_3_11_patch2/src/CondFormats/DataRecord/src/MuScleFitDBobjectRcd.cc 
>> Compiling  /afs/cern.ch/work/o/oiorio/CMSSW_5_3_11_patch2/src/CondFormats/DataRecord/src/OpticalAlignmentsRcd.cc 
>> Compiling  /afs/cern.ch/work/o/oiorio/CMSSW_5_3_11_patch2/src/CondFormats/DataRecord/src/PFCalibrationRcd.cc 
>> Compiling  /afs/cern.ch/work/o/oiorio/CMSSW_5_3_11_patch2/src/CondFormats/DataRecord/src/PXsensorsRcd.cc 
>> Compiling  /afs/cern.ch/work/o/oiorio/CMSSW_5_3_11_patch2/src/CondFormats/DataRecord/src/PedestalsRcd.cc 
>> Compiling  /afs/cern.ch/work/o/oiorio/CMSSW_5_3_11_patch2/src/CondFormats/DataRecord/src/PerformancePayloadRecord.cc 
>> Compiling  /afs/cern.ch/work/o/oiorio/CMSSW_5_3_11_patch2/src/CondFormats/DataRecord/src/PerformanceWPRecord.cc 
>> Compiling  /afs/cern.ch/work/o/oiorio/CMSSW_5_3_11_patch2/src/CondFormats/DataRecord/src/PhotonConversionMVAComputerRcd.cc 
>> Compiling  /afs/cern.ch/work/o/oiorio/CMSSW_5_3_11_patch2/src/CondFormats/DataRecord/src/PixelCPEParmErrorsRcd.cc 
>> Compiling  /afs/cern.ch/work/o/oiorio/CMSSW_5_3_11_patch2/src/CondFormats/DataRecord/src/PixelDCSRcds.cc 
>> Compiling  /afs/cern.ch/work/o/oiorio/CMSSW_5_3_11_patch2/src/CondFormats/DataRecord/src/RBCBoardSpecsRcd.cc 
>> Compiling  /afs/cern.ch/work/o/oiorio/CMSSW_5_3_11_patch2/src/CondFormats/DataRecord/src/RPCClusterSizeRcd.cc 
>> Compiling  /afs/cern.ch/work/o/oiorio/CMSSW_5_3_11_patch2/src/CondFormats/DataRecord/src/RPCDQMObjectRcd.cc 
>> Compiling  /afs/cern.ch/work/o/oiorio/CMSSW_5_3_11_patch2/src/CondFormats/DataRecord/src/RPCDeadStripsRcd.cc 
>> Compiling  /afs/cern.ch/work/o/oiorio/CMSSW_5_3_11_patch2/src/CondFormats/DataRecord/src/RPCEMapRcd.cc 
>> Compiling  /afs/cern.ch/work/o/oiorio/CMSSW_5_3_11_patch2/src/CondFormats/DataRecord/src/RPCMaskedStripsRcd.cc 
>> Compiling  /afs/cern.ch/work/o/oiorio/CMSSW_5_3_11_patch2/src/CondFormats/DataRecord/src/RPCNoiseObjectRcd.cc 
>> Compiling  /afs/cern.ch/work/o/oiorio/CMSSW_5_3_11_patch2/src/CondFormats/DataRecord/src/RPCNoiseStripsObjectRcd.cc 
>> Compiling  /afs/cern.ch/work/o/oiorio/CMSSW_5_3_11_patch2/src/CondFormats/DataRecord/src/RPCObAlignmentRcd.cc 
>> Compiling  /afs/cern.ch/work/o/oiorio/CMSSW_5_3_11_patch2/src/CondFormats/DataRecord/src/RPCObCondPerRunRcd.cc 
>> Compiling  /afs/cern.ch/work/o/oiorio/CMSSW_5_3_11_patch2/src/CondFormats/DataRecord/src/RPCObCondRcd.cc 
>> Compiling  /afs/cern.ch/work/o/oiorio/CMSSW_5_3_11_patch2/src/CondFormats/DataRecord/src/RPCObFebAssmapRcd.cc 
>> Compiling  /afs/cern.ch/work/o/oiorio/CMSSW_5_3_11_patch2/src/CondFormats/DataRecord/src/RPCObFebmapRcd.cc 
>> Compiling  /afs/cern.ch/work/o/oiorio/CMSSW_5_3_11_patch2/src/CondFormats/DataRecord/src/RPCObGasHumRcd.cc 
>> Compiling  /afs/cern.ch/work/o/oiorio/CMSSW_5_3_11_patch2/src/CondFormats/DataRecord/src/RPCObGasMixRcd.cc 
>> Compiling  /afs/cern.ch/work/o/oiorio/CMSSW_5_3_11_patch2/src/CondFormats/DataRecord/src/RPCObGasRcd.cc 
>> Compiling  /afs/cern.ch/work/o/oiorio/CMSSW_5_3_11_patch2/src/CondFormats/DataRecord/src/RPCObGasmapRcd.cc 
>> Compiling  /afs/cern.ch/work/o/oiorio/CMSSW_5_3_11_patch2/src/CondFormats/DataRecord/src/RPCObPVSSmapRcd.cc 
>> Compiling  /afs/cern.ch/work/o/oiorio/CMSSW_5_3_11_patch2/src/CondFormats/DataRecord/src/RPCObUXCRcd.cc 
>> Compiling  /afs/cern.ch/work/o/oiorio/CMSSW_5_3_11_patch2/src/CondFormats/DataRecord/src/RPCReadOutMappingRcd.cc 
>> Compiling  /afs/cern.ch/work/o/oiorio/CMSSW_5_3_11_patch2/src/CondFormats/DataRecord/src/RPCRunIOVRcd.cc 
>> Compiling  /afs/cern.ch/work/o/oiorio/CMSSW_5_3_11_patch2/src/CondFormats/DataRecord/src/RPCStripNoisesRcd.cc 
>> Compiling  /afs/cern.ch/work/o/oiorio/CMSSW_5_3_11_patch2/src/CondFormats/DataRecord/src/RunNumberRcd.cc 
>> Compiling  /afs/cern.ch/work/o/oiorio/CMSSW_5_3_11_patch2/src/CondFormats/DataRecord/src/RunSummaryRcd.cc 
>> Compiling  /afs/cern.ch/work/o/oiorio/CMSSW_5_3_11_patch2/src/CondFormats/DataRecord/src/SiPixelCalibConfigurationRcd.cc 
>> Compiling  /afs/cern.ch/work/o/oiorio/CMSSW_5_3_11_patch2/src/CondFormats/DataRecord/src/SiPixelCPEGenericErrorParmRcd.cc 
>> Compiling  /afs/cern.ch/work/o/oiorio/CMSSW_5_3_11_patch2/src/CondFormats/DataRecord/src/SiPixelDisabledModulesRcd.cc 
>> Compiling  /afs/cern.ch/work/o/oiorio/CMSSW_5_3_11_patch2/src/CondFormats/DataRecord/src/SiPixelFedCablingMapRcd.cc 
>> Compiling  /afs/cern.ch/work/o/oiorio/CMSSW_5_3_11_patch2/src/CondFormats/DataRecord/src/SiPixelGainCalibrationForHLTRcd.cc 
>> Compiling  /afs/cern.ch/work/o/oiorio/CMSSW_5_3_11_patch2/src/CondFormats/DataRecord/src/SiPixelGainCalibrationForHLTSimRcd.cc 
>> Compiling  /afs/cern.ch/work/o/oiorio/CMSSW_5_3_11_patch2/src/CondFormats/DataRecord/src/SiPixelGainCalibrationOfflineRcd.cc 
>> Compiling  /afs/cern.ch/work/o/oiorio/CMSSW_5_3_11_patch2/src/CondFormats/DataRecord/src/SiPixelGainCalibrationOfflineSimRcd.cc 
>> Compiling  /afs/cern.ch/work/o/oiorio/CMSSW_5_3_11_patch2/src/CondFormats/DataRecord/src/SiPixelGainCalibrationRcd.cc 
>> Compiling  /afs/cern.ch/work/o/oiorio/CMSSW_5_3_11_patch2/src/CondFormats/DataRecord/src/SiPixelLorentzAngleRcd.cc 
>> Compiling  /afs/cern.ch/work/o/oiorio/CMSSW_5_3_11_patch2/src/CondFormats/DataRecord/src/SiPixelLorentzAngleSimRcd.cc 
>> Compiling  /afs/cern.ch/work/o/oiorio/CMSSW_5_3_11_patch2/src/CondFormats/DataRecord/src/SiPixelPerformanceSummaryRcd.cc 
>> Compiling  /afs/cern.ch/work/o/oiorio/CMSSW_5_3_11_patch2/src/CondFormats/DataRecord/src/SiPixelQualityFromDbRcd.cc 
>> Compiling  /afs/cern.ch/work/o/oiorio/CMSSW_5_3_11_patch2/src/CondFormats/DataRecord/src/SiPixelQualityRcd.cc 
>> Compiling  /afs/cern.ch/work/o/oiorio/CMSSW_5_3_11_patch2/src/CondFormats/DataRecord/src/SiPixelTemplateDBObject0TRcd.cc 
>> Compiling  /afs/cern.ch/work/o/oiorio/CMSSW_5_3_11_patch2/src/CondFormats/DataRecord/src/SiPixelTemplateDBObject38TRcd.cc 
>> Compiling  /afs/cern.ch/work/o/oiorio/CMSSW_5_3_11_patch2/src/CondFormats/DataRecord/src/SiPixelTemplateDBObject4TRcd.cc 
>> Compiling  /afs/cern.ch/work/o/oiorio/CMSSW_5_3_11_patch2/src/CondFormats/DataRecord/src/SiPixelTemplateDBObjectRcd.cc 
>> Compiling  /afs/cern.ch/work/o/oiorio/CMSSW_5_3_11_patch2/src/CondFormats/DataRecord/src/SiStripCondDataRecords.cc 
>> Compiling  /afs/cern.ch/work/o/oiorio/CMSSW_5_3_11_patch2/src/CondFormats/DataRecord/src/SiStripDeDxElectron_2D_Rcd.cc 
>> Compiling  /afs/cern.ch/work/o/oiorio/CMSSW_5_3_11_patch2/src/CondFormats/DataRecord/src/SiStripDeDxElectron_3D_Rcd.cc 
>> Compiling  /afs/cern.ch/work/o/oiorio/CMSSW_5_3_11_patch2/src/CondFormats/DataRecord/src/SiStripDeDxKaon_2D_Rcd.cc 
>> Compiling  /afs/cern.ch/work/o/oiorio/CMSSW_5_3_11_patch2/src/CondFormats/DataRecord/src/SiStripDeDxKaon_3D_Rcd.cc 
>> Compiling  /afs/cern.ch/work/o/oiorio/CMSSW_5_3_11_patch2/src/CondFormats/DataRecord/src/SiStripDeDxMipRcd.cc 
>> Compiling  /afs/cern.ch/work/o/oiorio/CMSSW_5_3_11_patch2/src/CondFormats/DataRecord/src/SiStripDeDxMip_3D_Rcd.cc 
>> Compiling  /afs/cern.ch/work/o/oiorio/CMSSW_5_3_11_patch2/src/CondFormats/DataRecord/src/SiStripDeDxPion_3D_Rcd.cc 
>> Compiling  /afs/cern.ch/work/o/oiorio/CMSSW_5_3_11_patch2/src/CondFormats/DataRecord/src/SiStripDeDxPion_2D_Rcd.cc 
>> Compiling  /afs/cern.ch/work/o/oiorio/CMSSW_5_3_11_patch2/src/CondFormats/DataRecord/src/SiStripDeDxProton_2D_Rcd.cc 
>> Compiling  /afs/cern.ch/work/o/oiorio/CMSSW_5_3_11_patch2/src/CondFormats/DataRecord/src/SiStripDeDxProton_3D_Rcd.cc 
>> Compiling  /afs/cern.ch/work/o/oiorio/CMSSW_5_3_11_patch2/src/CondFormats/DataRecord/src/SimBeamSpotObjectsRcd.cc 
>> Compiling  /afs/cern.ch/work/o/oiorio/CMSSW_5_3_11_patch2/src/CondFormats/DataRecord/src/TTUBoardSpecsRcd.cc 
>> Compiling  /afs/cern.ch/work/o/oiorio/CMSSW_5_3_11_patch2/src/CondFormats/DataRecord/src/TauTagMVAComputerRcd.cc 
>> Compiling  /afs/cern.ch/work/o/oiorio/CMSSW_5_3_11_patch2/src/CondFormats/DataRecord/src/TrackerPedestalsRcd.cc 
>> Compiling  /afs/cern.ch/work/o/oiorio/CMSSW_5_3_11_patch2/src/CondFormats/DataRecord/src/mySiStripNoisesRcd.cc 
>> Building shared library tmp/slc5_amd64_gcc462/src/CondFormats/DataRecord/src/CondFormatsDataRecord/libCondFormatsDataRecord.so
Copying tmp/slc5_amd64_gcc462/src/CondFormats/DataRecord/src/CondFormatsDataRecord/libCondFormatsDataRecord.so to productstore area:
>> Leaving Package CondFormats/DataRecord
>> Package CondFormats/DataRecord built
>> Local Products Rules ..... started
>> Local Products Rules ..... done
gmake[1]: Entering directory `/afs/cern.ch/work/o/oiorio/CMSSW_5_3_11_patch2'
>> Creating project symlinks
@@@@ Refreshing Plugins:edmPluginRefresh
>> Done python_symlink
>> Compiling python modules python
>> Pluging of all type refreshed.
>> All python modules compiled
gmake[1]: Leaving directory `/afs/cern.ch/work/o/oiorio/CMSSW_5_3_11_patch2'
